Below is a list of files we were unable to include in this backup. These files
are not missing, but were not available in our file-store cloud at the time the
tarball was made or are not backed up because they can be generated. In almost
all cases these will be resolved the next time you generate a backup or export.

/js/js_bhmWaEfiuzhdn2uXnIVxVzByNymLhzg1QEprRY9ha9Y.js.gz: Generated files are not backed up
/css/css_EPvaVxPW-u9yI4Z6-z84HhMF5HcV7af6M7O3UrQNVqU.css: Generated files are not backed up
/css/css_9FRFGyUIXHfcLFbQaLGBvUIVli0ry7uM-4-cIl7ghVU.css: Generated files are not backed up
/css/css_ejCuPrl6fFQGKuSibPJ7ghkuIJ7ZcW0_Auu3VNPziYA.css: Generated files are not backed up
/css/css_LtPcyeuvnOEEFxg3dixi4edLMfEdJ_LWuev85BraVf8.css: Generated files are not backed up
/css/css_jJf7ecnjdX8JRVwBans29zHzub9MEmhgLMDeqMffZyU.css.gz: Generated files are not backed up
/css/css_kyvoKg8j2c6-f0sc5x8NQe3tHqQOAMI0msb0n3lHX5g.css: Generated files are not backed up
/styles/media_library/public/2020-07/MISION FOTO_2.png: Generated files are not backed up
/js/js_brWXedRkjPgEDSYRSeMdvGzCXYLhF8Ez0QXPFvClTu4.js: Generated files are not backed up
/css/css_uUq16nql0E-mSR6PaidGxfTq2BTh43okVY1PHhjPIaQ.css: Generated files are not backed up
/js/js_mqGvpxn4ZXKZi71r3EwpvCIlY68P--_dESCV4tPsm1E.js.gz: Generated files are not backed up
/css/css_X8CdB66di3QbxjMFlfQGw1Rr6fKA5avEpmQtQ_-O91Q.css: Generated files are not backed up
/css/css_r0eHJN5WaxH1RJeXqMNDe6O30mc2yyBmzN4Dqj-0ACg.css.gz: Generated files are not backed up
/css/css_k66I-ha_wvFZemjC88_mq9BE2l4FN4fEawjriOodHqM.css.gz: Generated files are not backed up
/js/js_a3ozgR2ItxaVF4W2-MYnJ7Qyhmmhz1xfmGlTFhhku-M.js.gz: Generated files are not backed up
/js/js_Zw2RT9d8Ps374u6QXj0hSL6gpd1yuKXGBR6GImvMJPU.js.gz: Generated files are not backed up
/js/js_LO7QItCoUbaDBlIVk5T-cRkL6UlZ6NzsGE3VA6PNCHw.js: Generated files are not backed up
/js/js_ZxMxI8lOhA8JQjwQwMmfc4bkdNWiod8ZDXiebKJXWGg.js: Generated files are not backed up
/js/js_B9WTdEUproJiZSnSVHsCMtCYuhIwolk45lMEEcbt87U.js: Generated files are not backed up
/css/css_j_PeW0-Jzbl3LpkD0FVnH5vNEdz33_JmePUbBFA0KZY.css: Generated files are not backed up
/css/css_foptWQLqnZHQ9mlH_7nOLVPL3QuNqU9_k2X2lqpxJ5M.css: Generated files are not backed up
/js/js_G7Ixe8ouFYlz-o8N2JYfLHyOCgSVXmwZL0Q9YVmJiiM.js: Generated files are not backed up
/styles/medium/public/2020-05/hst.png: Generated files are not backed up
/js/js_ZGqWJOLxq4oJvzV2MYX0xPsZO3gK5KogVR4q_DPJfZI.js: Generated files are not backed up
/css/css_RQdSdF5mbLe6LSnZe7oc2bayfb5xBIZxeRrHIoHFm94.css: Generated files are not backed up
/styles/media_library/public/2020-08/FOTO FONDO HOME.png: Generated files are not backed up
/css/css_70ZeVhLR5CYnwVqmR77j8XVBCQlhvuU2_d7E6T79bfM.css.gz: Generated files are not backed up
/js/js_05QUOsvi9JibSPJGbgifZxcBwnXnKn41UkhvmfQp-l0.js: Generated files are not backed up
/js/js_gevdilgDHUuTK0DdP8kwX0z78AhReKZ0UrRsmh7uq9s.js: Generated files are not backed up
/js/js_rkgp6cDYKC5q1er-OmTe3stTzNsaVaYvqNPolEXd6Gs.js: Generated files are not backed up
/js/js_dOV21SZ52DkToVrnxzQhC95-kYEjPoG_mZ5sgqe8824.js.gz: Generated files are not backed up
/css/css_NnhCJlPWwLR7HeM95ScBSmRUH2HyN_Wrvf0bHAvktyM.css: Generated files are not backed up
/css/css_VODoR9pMwY5Ey0CsGZdwhMvpJG6aZmZXh2H4ktFivWs.css: Generated files are not backed up
/js/js_pGEAA323yNJ2G1KLU_zTA-CEH6uKSl7LsbXe4V-8DDY.js: Generated files are not backed up
/js/js_E3OKHrcFzeoZM3QTWzV18V4CquskDVEswfeaxTwi91g.js.gz: Generated files are not backed up
/css/css_VODoR9pMwY5Ey0CsGZdwhMvpJG6aZmZXh2H4ktFivWs.css.gz: Generated files are not backed up
/css/css_CKU69Y6KEaMD3jTD0ePTULbWyGS7MB7EuVeskYYeefk.css: Generated files are not backed up
/js/js_TsMALpg3iUPSZw3ZcR4-IvY7222i3AsYO1LDAaFRlPw.js: Generated files are not backed up
/js/js_QlkcZCVhkRa4s7Cd9gHjAyv2Du7NNAaWvrJDz7-pr_U.js.gz: Generated files are not backed up
/css/css_jGOujBffWxYDBmn9y5AxUaJNvNJSVtk4IHsqoyr22EI.css.gz: Generated files are not backed up
/css/css_WCHWC-n6Ndd_yd-SHjMlv7EWqjUGLXxHOMZhwMcPhDQ.css.gz: Generated files are not backed up
/js/js_k-XZU1z7c2Y2TQ9_e2NZtzYSNM1zZAZXAajxztq2tyQ.js.gz: Generated files are not backed up
/css/css_TJalbN6gQOy5W_aFWrChYK8A_4QLN7WKs1wo6JrsWwM.css.gz: Generated files are not backed up
/js/js_-qKb7zMMEe-MB7l624X4niqePly002LYikb0RBI8fsc.js.gz: Generated files are not backed up
/css/css__ho3Atx41P0h-sChd2PmPtsi5QtxzsFBY0lUXGZXNHU.css: Generated files are not backed up
/styles/large/public/2020-05/hpl.png: Generated files are not backed up
/js/js_kCZLrHaaz6sfpnNTHI9PXTTVCKMGt5L2oWB2HCNRmh0.js: Generated files are not backed up
/js/js_t86ky0Ll_-5fYVM1jpkaSC6uFdm2teW_O6v9fX7D2xQ.js.gz: Generated files are not backed up
/css/css_EB7h5P5RXRdpNungVLvd4CwRhMGyv--PoMPD9xfChoI.css.gz: Generated files are not backed up
/css/css_mebkZOfID5PUbThhkK1cuhFH_VFRtVx8Fs85uLuhm54.css.gz: Generated files are not backed up
/css/css_-ag16v6Iu9Dgr3ndloYUzf8ieFEirliU3vPPuGTLLwM.css.gz: Generated files are not backed up
/js/js_S3lKk41vU-KC1qUeRh9v2kcn7vTsjFDgm2VGFwzh6EA.js.gz: Generated files are not backed up
/styles/media_library/public/2020-07/PLANTA.jpg: Generated files are not backed up
/css/css_yec-0KSYOsUNUTfY1YJLUWPuHfn2nIWjbIKGCf0OnxI.css.gz: Generated files are not backed up
/js/js_DsMiPKxV0eIQGlEhLI7w46KCLhdCGYgvFsN3dfyIn_c.js: Generated files are not backed up
/js/js_zjnwMNvhJ3476uTXL2iexLlxBhDNe_sanQsGoVNVhRU.js.gz: Generated files are not backed up
/css/css_S2cB-bO4YEf4SMI9UluLdN9DOAvFjSSqM5-nYlb917I.css: Generated files are not backed up
/css/css_8PZ-_cjm7Kj8cbNuQQ8gT9Ns3JimESSQtCn-QWJYATY.css: Generated files are not backed up
/js/js_OkCL1V-oUMmL8VCaG3Mf6OJ1RyFfdHkgLqyCw623FHA.js: Generated files are not backed up
/js/js_l0tkf7YCSj_xcWI-L4by2oaQE8Xi9qFxrhasP4IFScQ.js: Generated files are not backed up
/css/css_zGlT2KlYiXyLxEciRcLCK2j6-I1XOOdBvS6tDT6FUoE.css.gz: Generated files are not backed up
/css/css_FgkcVhaYZhFr9UdFgBSO065sL8H42ldEVEN3LK_ooXM.css.gz: Generated files are not backed up
/js/js_oJQhoj0uNfM-eG3lJo8s9_SvBY1nRXXwGYuYGpcwwh4.js: Generated files are not backed up
/css/css_W71kgUxGiUtJzdv-n6ZISY0HdA7cjpDIfk2SZLi42UY.css.gz: Generated files are not backed up
/css/css_Ajew1wDqUXi0uTUyj3vOg09e25wN61XYaEavCPtdcZM.css: Generated files are not backed up
/css/css_s819WtWC0RbN-By9gUQKQxWmr0qJbugguukMH-glrRQ.css: Generated files are not backed up
/css/css_LtPcyeuvnOEEFxg3dixi4edLMfEdJ_LWuev85BraVf8.css.gz: Generated files are not backed up
/css/css_RBs-pQT5r4sSVyUw3aG-IF-gxaHNCHoTfBN9SR-FEq4.css.gz: Generated files are not backed up
/js/js_2tYpHXIM7jgJbAUZLHbD4q9B_-Rqt1xRVWRkO6vn-go.js.gz: Generated files are not backed up
/js/js_esfTlWsHkNMqQxbSnEE3XSsWMk8MNF3wKnNhwNngyv4.js: Generated files are not backed up
/css/css_8G9zRV703yu5HAYuSQz38mxpUl2VrBEH29QNKZIIHCA.css.gz: Generated files are not backed up
/js/js_Xtly6V50TWP3HFzdUzmY_IUHrKPJqrLZ3ndAkvQJd8U.js: Generated files are not backed up
/js/js_Hju9Z1gh7-Jn-R5e8AtW76b15Wjm7LEuK-0USruiVXs.js.gz: Generated files are not backed up
/styles/thumbnail/public/2020-06/hm-endurance-thumb.png: Generated files are not backed up
/js/js_rvS2-hhDu4JCQxskMz_EX-HJ2CYY_a0FQL2chHaeM8w.js.gz: Generated files are not backed up
/css/css_pTV2sIoIAKZjcgDMoadtRdMrF5cjkYAAjwWRuIdZDQ4.css.gz: Generated files are not backed up
/js/js_qPf9yKVAQIS6L2riv_iYgs3YfmxM3E1Y-YdbGnOKCAw.js: Generated files are not backed up
/js/js_vDxjFfak6CpR6Pk5tBXNZHDdiZzVz0-ph_lKN2SqPvw.js.gz: Generated files are not backed up
/css/css_LQSzz-7uKy3m7WjwbO91CBHpL6wh26QlN8DOml7H7IA.css.gz: Generated files are not backed up
/js/js_Rwcrt5vXzgfY-ROkSazEvAe1AIBKCtodcAfNL695Yrw.js: Generated files are not backed up
/js/js_DsxBJD_mDJgr7d-24EwEHzufibiDA-5QBDn56rgs_go.js: Generated files are not backed up
/js/js__bzeuDGx65LQz7FJUijd3TohIFwWPhX4cTrPKIs-Lz0.js: Generated files are not backed up
/css/css_klBb7esga9uXR61bU07jWlREFNDVV4dlS7VJM5427m4.css.gz: Generated files are not backed up
/js/js_mD3tNiWjUeKcQMkU754ANKJc1U5KNDUVWkDXjcIsV_g.js.gz: Generated files are not backed up
/css/css_Babfk4iGZNCB4xhyDL3iA1tqukv_LmgEVQxvVOOWQ_s.css: Generated files are not backed up
/js/js_RcRMSy-K1zL6A8KAJoDDCT4MJ7Piq97qxT5l2JUfK-o.js: Generated files are not backed up
/js/js_s0EABTqGcMABNqX0iu8hAyRQYveBjIUPkZdjKY_nRSY.js: Generated files are not backed up
/js/js_XGSA7CEIxHC6nczvrV0ZM2OZUtG9KrIN-wLx4x1vAX4.js: Generated files are not backed up
/css/css_BHM4g50bSId9bYL_4bgqDNqoJlT9tdP8EB7p3XR2Xbw.css: Generated files are not backed up
/css/css_pTV2sIoIAKZjcgDMoadtRdMrF5cjkYAAjwWRuIdZDQ4.css: Generated files are not backed up
/styles/media_library/public/2020-07/VALORES (1).png: Generated files are not backed up
/js/js_rvS2-hhDu4JCQxskMz_EX-HJ2CYY_a0FQL2chHaeM8w.js: Generated files are not backed up
/styles/media_library/public/2020-07/vision FOTO.png: Generated files are not backed up
/css/css_rppRGD_OoHfR_SJsouUbDXbYqdDsbR40sRSsm5MvFnw.css.gz: Generated files are not backed up
/js/js_NMZmAFQFcjjmStYiKiXQE-tzFpvacPSUPRv3zFOz8KI.js.gz: Generated files are not backed up
/css/css_82Al8YAyd7tz5U9-vNnt19ri9NCR3wr06n0a1VE6QEE.css.gz: Generated files are not backed up
/css/css_8NavBd6r81yHwTHpqR2H08CEKO-4z1xlLBWz1uCzxic.css: Generated files are not backed up
/js/js_9P40Kb0lXjG3rAfdDD2UPRrrYHIWwE8FbKhpfBASU8A.js.gz: Generated files are not backed up
/css/css_klBb7esga9uXR61bU07jWlREFNDVV4dlS7VJM5427m4.css: Generated files are not backed up
/css/css_PHN0G-HFnm-3vvfNeKjvLDN193qQfw8s86Wrcc5hgDU.css: Generated files are not backed up
/css/css_tw-SEGA-64y3QNYM0XORA6DgAKxaFHfnytiYnIbwibE.css: Generated files are not backed up
/css/css_70ZeVhLR5CYnwVqmR77j8XVBCQlhvuU2_d7E6T79bfM.css: Generated files are not backed up
/js/js_9SxkIde3Pbj-SPLBzcg1WrfamjUc9caLs77hOPtdikg.js.gz: Generated files are not backed up
/css/css_V7yB2WzmMeJcPcZLGC5rn6OzE5wF8PsTsx7CAuLu4QM.css: Generated files are not backed up
/styles/large/public/2020-05/hso.png: Generated files are not backed up
/css/css_b-R5SLSya_7Ym1PEQR8vzytIi3jPL5lYioq2Yoh8C_A.css.gz: Generated files are not backed up
/js/js_67-0kLhOK5ZVv2E2DQsHMDKwHA3n9BRBEMw7cF-0eQU.js: Generated files are not backed up
/css/css_5eGpCCc35ppwirV6NFcMeFqbzxaGZdAlUHrWKjhFnac.css: Generated files are not backed up
/js/js_PKIcf2TtTj0zDWhCQ8tjcmZnTR83wcN_a6bgUKUUp-U.js.gz: Generated files are not backed up
/css/css_hxJyL6sLD14UEx0kE_RoQcGldDA3hTFZEqAj4-j3zgc.css.gz: Generated files are not backed up
/css/css_4CO3cKX5jMG5OypdIQMNMxpwQ9t1QZoStim6FadpXU0.css: Generated files are not backed up
/js/js_nylfAB1uGEWkTQPqdOycomnUAS6PAc4B_s6vX85I8bA.js: Generated files are not backed up
/css/css_aQLimae0XiX5mXA6HooDLEU8MSbdGKrrr5djPNxdES0.css.gz: Generated files are not backed up
/js/js_A5M9zo69SK953nxKr9P9zXOzUkdM7XvHfHLSEQMLDLg.js: Generated files are not backed up
/css/css_IGDlJ57KQASM6zguc84_xPQE1cSkLu3Yr_rFKODS0y0.css.gz: Generated files are not backed up
/js/js_AU6x0xMeLGUazVta4nCGCCVK6ozvjUFjzg_OmXTi79Y.js.gz: Generated files are not backed up
/js/js_NMZmAFQFcjjmStYiKiXQE-tzFpvacPSUPRv3zFOz8KI.js: Generated files are not backed up
/js/js_kR2KEhYpm2OKZpvp_RAjDrdxXADMybXlq1AdWiVCFO4.js.gz: Generated files are not backed up
/styles/media_library/public/2020-07/PORTADA CAMARONES3.jpg: Generated files are not backed up
/js/js_Zw2RT9d8Ps374u6QXj0hSL6gpd1yuKXGBR6GImvMJPU.js: Generated files are not backed up
/js/js_bFphEfdqPV3t7gG-6juspxQFXqHsTXbGIE5gIPKmUU0.js: Generated files are not backed up
/css/css_MJgrRseLaQh_76AJ5Pu0eGPmGH0iOBDxpfFOfEomGco.css.gz: Generated files are not backed up
/js/js_SxWSo7DKQTs_liXa5QU1GUyZ63s0ftlVSqD7h5sRx54.js.gz: Generated files are not backed up
/css/css_Fyf9etX7isAHZbUUqt-b6s7E4oY34f98aec-4egMJrU.css.gz: Generated files are not backed up
/js/js_-qKb7zMMEe-MB7l624X4niqePly002LYikb0RBI8fsc.js: Generated files are not backed up
/js/js_7pkV8HFmAJxvUefLm2woX-v9wL5rmLlOpVK4xY_lr1M.js.gz: Generated files are not backed up
/css/css_oTRidweudll2yQxOjzkCjR26aUJvWZZAlDNp-oAXTpA.css.gz: Generated files are not backed up
/css/css_uxiXVzMq9BKHKbFS4PrIjVJaHGM1PNpGZLCzPTdMxK4.css.gz: Generated files are not backed up
/css/css_TJalbN6gQOy5W_aFWrChYK8A_4QLN7WKs1wo6JrsWwM.css: Generated files are not backed up
/js/js_mWYbQQS1VA2xKYmBK27py798gtBWEG_qGXUKeEwFto0.js: Generated files are not backed up
/css/css_nT8BnNCTVLXq892HTn0M9lcZSbxji19E1_8w36k0Q08.css.gz: Generated files are not backed up
/css/css_fX7zf5CjMcpOhYiTEbfWF5fRN7X4_FW77nijmphweN8.css: Generated files are not backed up
/css/css_BHM4g50bSId9bYL_4bgqDNqoJlT9tdP8EB7p3XR2Xbw.css.gz: Generated files are not backed up
/css/css_uPaavHOStjVLVMov8b7w6CBF6aYJ8NBd4F2ReNl6STU.css: Generated files are not backed up
/css/css_dEdPaSfYG-TY5TDVDA7t9rhL7QJ-IoKSn2EQB1HTESI.css: Generated files are not backed up
/js/js_9P40Kb0lXjG3rAfdDD2UPRrrYHIWwE8FbKhpfBASU8A.js: Generated files are not backed up
/js/js_6yzes_NgjjQemJizAqyRMCdGJLCwoIqAdhzzmyoXOdA.js: Generated files are not backed up
/js/js_Gepi1J5U-Yr8cBG58BKRAHhD47xJlL1NwPTfP1Y6ImM.js.gz: Generated files are not backed up
/styles/thumbnail/public/2020-06/planta.png: Generated files are not backed up
/js/js_jg9lAtVCUg0OCnjIjbodP7BbLQipjnkOqPB0yzT3g-Q.js.gz: Generated files are not backed up
/js/js_tPEBjustWoq_YyZFui1dKkphaOt0E0QWNMnsDvhobmk.js.gz: Generated files are not backed up
/css/css_Lld90plHI1ZCGe1ID0RkNeuJhLn3V_FBinH_Tmxc5XQ.css: Generated files are not backed up
/styles/media_library/public/2020-07/MISION.jpg: Generated files are not backed up
/js/js_RcRMSy-K1zL6A8KAJoDDCT4MJ7Piq97qxT5l2JUfK-o.js.gz: Generated files are not backed up
/css/css_Y4H_4BqmgyCtG7E7YdseTs2qvy9C34c51kBamDdgark.css: Generated files are not backed up
/styles/thumbnail/public/2020-06/hm-endurance-01.png: Generated files are not backed up
/css/css_ErcIYcxsmZOxB2O6FBpjmBXpSV65VjViwxZsLAPkIbs.css.gz: Generated files are not backed up
/css/css_REZt01W0Pj4GrqJHdPCMs0xbMA-RLlgiburyk_qeOrQ.css.gz: Generated files are not backed up
/css/css_ZZ-WVKzOVToynri4T8Iid0dS6xvz6nNIM3SokqR5tTQ.css.gz: Generated files are not backed up
/css/css_GedAPvANQNankAnrrMrrByLclgbi2GezT6JWI0o0GkU.css: Generated files are not backed up
/css/css_zGlT2KlYiXyLxEciRcLCK2j6-I1XOOdBvS6tDT6FUoE.css: Generated files are not backed up
/css/css_Babfk4iGZNCB4xhyDL3iA1tqukv_LmgEVQxvVOOWQ_s.css.gz: Generated files are not backed up
/js/js_yqIb10WAiyHp_IHIuOhCOr12MtC6LQiSPL6QcOEYPvo.js: Generated files are not backed up
/js/js_cOP-2MOZedmRsbXhGPc3gxGLmV-SKZcwzZ-dfMOUrJk.js: Generated files are not backed up
/js/js_Z-069zgfeHVjaanbtYFW2MEAyKRaImsnYanb5eIeRKM.js.gz: Generated files are not backed up
/js/js_aAM-SA9Ap61zRw8asCy2uZITdlyVW6qqNEalMTVX5-Q.js.gz: Generated files are not backed up
/js/js_IRQZYCc7YvtnrBSde4xmF0ijyonlKxqh2BfezvFTEjk.js: Generated files are not backed up
/css/css_xuW3sSEE9FiM2UNugeO8MX334Qk9G9f1e1KzdC_0ofU.css: Generated files are not backed up
/styles/media_library/public/2020-07/CAMARONES GRANDES.jpg: Generated files are not backed up
/js/js_lgWSmd1Z6uF0vN8cDr_QXgogXEk0wwwVM4Q6Rt55AiA.js.gz: Generated files are not backed up
/styles/thumbnail/public/2020-05/hz.png: Generated files are not backed up
/js/js_2Y207ttCpCZYPYevg4fVSqk61ULsTOkPkW0V-BjQ1zc.js: Generated files are not backed up
/css/css_PLRO7tSdpzKWtGwKbrE7dLJH151pjm31RGw_SZq3r2U.css: Generated files are not backed up
/css/css_8e1khvcZTMMYWC3nHDiWeQCumWLIMC97TtYosm0gJqw.css.gz: Generated files are not backed up
/css/css_rmAfUs6sL9WQL3flRT-ioyeogce2d5DgFNbMJm8KEQc.css.gz: Generated files are not backed up
/js/js_miWzdDq5NPqmD6vtUcg0WkYkjOAJ6BNXlnTjI2x_HR0.js: Generated files are not backed up
/css/css_AxHJF6ED8p_ntbEToAHz7uELQU9Dv3E13MltJMYSAv0.css.gz: Generated files are not backed up
/js/js_NCTxtVgFsz9DR9joVGixESaz550piZRvi2WQnnC3XUo.js.gz: Generated files are not backed up
/js/js_WoI2e28HvuXO0UZG3OBGhuiYq0p4UrfaeC3L_mJ9LRA.js.gz: Generated files are not backed up
/js/js_qabpFiBzsOcBh5q4f-pDCp3LeY6YaajNnyObrXNv4dY.js.gz: Generated files are not backed up
/css/css_gk2YkwgisCkquYfg3XDEFAtzWgSrquzvplnI8IJqjBc.css.gz: Generated files are not backed up
/js/js_HIUA_-qvj7DrRBzYzIvaBN6MqpGg0A7amlf49osNhe0.js: Generated files are not backed up
/js/js_NFmK8YvS925Jlyrq9a0meyaFsSeu8nqMbjEbAixcCws.js.gz: Generated files are not backed up
/js/js_nylfAB1uGEWkTQPqdOycomnUAS6PAc4B_s6vX85I8bA.js.gz: Generated files are not backed up
/css/css_Dcf02DKLkaKhtCoAJMANjupUNphPn2n58PXPWVzfHg8.css: Generated files are not backed up
/css/css_VDtSlUcl6NI6XwjIB9cCw04NHijABcI5CfBEk5s7Kso.css: Generated files are not backed up
/css/css_euUe-ZKNw9Ui-cjEf2rt9UUcw4-loLZmPmtfZ2mDwvk.css: Generated files are not backed up
/css/css_RQdSdF5mbLe6LSnZe7oc2bayfb5xBIZxeRrHIoHFm94.css.gz: Generated files are not backed up
/css/css_rT06N1hzNwWZvlauEGw5ZNFVKBrR23ibx56HC8Lyx4M.css.gz: Generated files are not backed up
/js/js_xJRDWsJcUYCA7dWVshRmcIltY1CufmgxEJdrSnBhBqM.js: Generated files are not backed up
/js/js_ISdskRSTFp4lXXoIeepJCV8aEuW0XDIus0pxHDkkFDE.js.gz: Generated files are not backed up
/css/css_z9qBXlzjZgi3LC0fzsaiiXrM3tISlcl546AdCoQQbc8.css.gz: Generated files are not backed up
/js/js_edcZBzNwPN-8aQG87D46QY5w1_Vp7KFwo56XFmRlPBI.js: Generated files are not backed up
/css/css_T6pyXiwVGyAssyXUpfn-21Ywmh43xXkSXSspGKOijIE.css: Generated files are not backed up
/js/js_vHe3OlSSuPbW3wRRw9eEIWBnvPedzmZWJNHmdfpPFP8.js.gz: Generated files are not backed up
/js/js_VtafjXmRvoUgAzqzYTA3Wrjkx9wcWhjP0G4ZnnqRamA.js.gz: Generated files are not backed up
/js/js_Hju9Z1gh7-Jn-R5e8AtW76b15Wjm7LEuK-0USruiVXs.js: Generated files are not backed up
/styles/media_library/public/2020-08/FOTO FONDO SECCIONES.png: Generated files are not backed up
/css/css_Ajew1wDqUXi0uTUyj3vOg09e25wN61XYaEavCPtdcZM.css.gz: Generated files are not backed up
/js/js__GdL9k_bcocZeCAxFdPjht-R5-G4jW3nyWZgd6GXr0c.js: Generated files are not backed up
/css/css__3HPE9p4kugNC2hqxhnsI42KUWJJzh6jhq1OE6FDtx8.css.gz: Generated files are not backed up
/css/css_uyxnFHzHoI0rMp8r5Hf7vxDc3ephwK-Dhh8RIN7cbrM.css.gz: Generated files are not backed up
/js/js_P6M8fPDahsdE9LtL1UzVwpsgbRj1qBl0PmMa06JA5Qw.js: Generated files are not backed up
/css/css_WbSuo4tjvLpaxcHvLnvtcME6bhQxJEh96t8ygWQnoYI.css.gz: Generated files are not backed up
/css/css_y58TgvZeoyGHgem_LQI60uCjC2lyqo9LN7GLtMUvEkI.css.gz: Generated files are not backed up
/css/css_y58TgvZeoyGHgem_LQI60uCjC2lyqo9LN7GLtMUvEkI.css: Generated files are not backed up
/js/js_GdK2iKn9v1PLH0c23NWhRLP7F-5Q02bh-mvv6KCW_eA.js: Generated files are not backed up
/styles/media_library/public/2020-07/PORTADA CAMARONERA productos.jpg: Generated files are not backed up
/js/js_-FqZ_w8ayNcZpZJLsuxb9EmfbXUNlF0LoGGWjnqNVVs.js.gz: Generated files are not backed up
/css/css_RUrjRJFe9mRpAZ793T6iUQUEVJP5SACxpG78q4IiuwU.css: Generated files are not backed up
/css/css_8PZ-_cjm7Kj8cbNuQQ8gT9Ns3JimESSQtCn-QWJYATY.css.gz: Generated files are not backed up
/js/js_Vo-Hhu9Rm9HaY5lwHxnh1oAAiJBEpSdmoMtFzvwJGSg.js: Generated files are not backed up
/css/css_E1-pdMPtMJgE4oBDXL3U2iObHYA1-LiVqPhz5yq3-uo.css: Generated files are not backed up
/js/js_lgWSmd1Z6uF0vN8cDr_QXgogXEk0wwwVM4Q6Rt55AiA.js: Generated files are not backed up
/js/js_6yzes_NgjjQemJizAqyRMCdGJLCwoIqAdhzzmyoXOdA.js.gz: Generated files are not backed up
/css/css_9Nr1wck5GaCz5aWEzG5twDWuvIT7jIL4ZenUupmg2x4.css.gz: Generated files are not backed up
/css/css_xsqENCnzN_hzE4S5GQXJMCV4zWohPS6r2X5eEy5dZBE.css: Generated files are not backed up
/styles/thumbnail/public/2020-06/undraw_male_avatar_323b.png: Generated files are not backed up
/css/css_6a9xP4X2HAAn6WXnmniyFy8AqiwqqpJre7BIcxx3xTY.css.gz: Generated files are not backed up
/js/js_OLlBxBa-iOo7YqrvdJ44Cf5nUq3US1oBdrMQyK11P2s.js: Generated files are not backed up
/js/js_4aqDS_SkxMw9yRYc67a0FMIsqtUzzln2dHIRXEOm1Yw.js: Generated files are not backed up
/js/js__bzeuDGx65LQz7FJUijd3TohIFwWPhX4cTrPKIs-Lz0.js.gz: Generated files are not backed up
/js/js_opsQ32aEPDJuH1OvgNpCkb8NAZvd8ef8vEgchP5d9lo.js.gz: Generated files are not backed up
/css/css_mxtgk9Mkn38kl3x1zgyTqp3W56REhzQxP-JA-osmDKc.css.gz: Generated files are not backed up
/css/css_eD62tLosWGPI96nHchD_va0xe7Qu3ED2HGN1mlikqqU.css: Generated files are not backed up
/js/js_fm8xu8arYN0kT1Yl2PwoYYt8TrU2XqklUCsgjVOIqlQ.js: Generated files are not backed up
/css/css_3avuz_5OWQ4AGLYwQ6kd1JhJ7mj52J95jQcPmSohOIE.css: Generated files are not backed up
/css/css_5eGpCCc35ppwirV6NFcMeFqbzxaGZdAlUHrWKjhFnac.css.gz: Generated files are not backed up
/css/css_Dfl9oX7OqvhDdiLJHiLvz3ken2_xH_EUOTZe8eqZDfU.css.gz: Generated files are not backed up
/js/js_E4bUC2dO8ZEHiyccVRNHRWZlu3ZM8V-PnQv6pZ4JhOY.js: Generated files are not backed up
/css/css_aaDj6c-BIS3FempxkCifKOvyp7klLhC2eYdGlCFcmWU.css.gz: Generated files are not backed up
/js/js_lNzdNKS5HaJPmhEgsbf9BPAixccyJNXzGrweSsMFi-4.js: Generated files are not backed up
/css/css_LbdV4hHpq8l_I81dasCTEkciw2r0UN9haZMX8uoO0uU.css: Generated files are not backed up
/css/css_-NfUdfUg7D3UOJI3pupz4X6as83YCivtlBON_yM0tz0.css: Generated files are not backed up
/js/js_uGvOBaXP4PfWBjX-zUs-8TuZ8iSSrweojtslksTORp0.js.gz: Generated files are not backed up
/js/js_kgXPG8rPAaX8NhvP7gv8TBpx353mirDHjsNYx54leRk.js: Generated files are not backed up
/js/js_mgMwYb9hjEtrFsanh0zuwXWAjJNwZk3uEq2jhDTKfHE.js: Generated files are not backed up
/js/js_XX2AYK3y5WlsOU7N2kpEmPh0LUYCW7xuMXhplPyLlHA.js: Generated files are not backed up
/css/css_M81tH541qeQRV0ubBqMtX32fWO0abp1UxMVVL9fuQDw.css.gz: Generated files are not backed up
/js/js_cXlApBnhBdnZhaA2cOh5RXOWnOqnzmCBaWQlKW-_UvA.js.gz: Generated files are not backed up
/css/css_01MnGkDyS-OUeJHMSH4aLKcN-9wsBeUX7rXEr-psZmI.css: Generated files are not backed up
/css/css_gq_kyrBd2WL4kJ46K5QPrtvwYP1vgS1zAzBplA0-4LU.css: Generated files are not backed up
/css/css_XK0AHm9qpAfUMzAAfLYyNWFs_UGT6IPlv_9-hBbHgjk.css.gz: Generated files are not backed up
/js/js_O5zN_AVTiJ_j2IQLJ-bSiZKDlE3HwW2zwr47Fkd9xOY.js.gz: Generated files are not backed up
/css/css_p4aOeXnckj9WQvmKCLIh7Vxmut3r8GOb0IwwIae3iP4.css.gz: Generated files are not backed up
/js/js_DsxBJD_mDJgr7d-24EwEHzufibiDA-5QBDn56rgs_go.js.gz: Generated files are not backed up
/css/css_gq_kyrBd2WL4kJ46K5QPrtvwYP1vgS1zAzBplA0-4LU.css.gz: Generated files are not backed up
/css/css_Vpslcrz2ORA8tVHiEpscWggvmAVpFUp4ncIJzxnVHfw.css: Generated files are not backed up
/css/css_DgSJi7ikOONfjYyxKFh9SWxHfxsbpH-dpzIWjbldvIY.css.gz: Generated files are not backed up
/js/js_lNzdNKS5HaJPmhEgsbf9BPAixccyJNXzGrweSsMFi-4.js.gz: Generated files are not backed up
/css/css_QmfspdVfRuJfAn0Kjpl9N6P7XRBqdtKmplrqiUlbkfI.css.gz: Generated files are not backed up
/js/js_kn6LHXmatenf2oTFC3RGnhBcZ8Er2u-rAOA5gdKj4nw.js.gz: Generated files are not backed up
/css/css_jGxg7HGpD3XHOXTyd3sjubt1ssk3WHn4s1ezVH3M8lM.css.gz: Generated files are not backed up
/css/css_LQSzz-7uKy3m7WjwbO91CBHpL6wh26QlN8DOml7H7IA.css: Generated files are not backed up
/js/js_zSHt5npbx7U3re4ZS9OYhou3P5eR2FAkSoySlQaG-Qc.js: Generated files are not backed up
/js/js_k-XZU1z7c2Y2TQ9_e2NZtzYSNM1zZAZXAajxztq2tyQ.js: Generated files are not backed up
/css/css_kP8nqtF8jJumLhHnwoMX4ctldxhsg1Jcp7LMaTfYnDg.css.gz: Generated files are not backed up
/js/js_63R3PCf7qh1pnqyWJ-t5a8jf3s1QIjRWdEhmph5K_mM.js: Generated files are not backed up
/js/js_vHe3OlSSuPbW3wRRw9eEIWBnvPedzmZWJNHmdfpPFP8.js: Generated files are not backed up
/js/js_nmw3BxeVcMlV-FLqWDkFGDP4KIgzIz2zCxxcE_PZSL8.js.gz: Generated files are not backed up
/css/css_1X_xyb-VQ0W4V0PNGi6rPI45df1yUWctsZCPWpLkNs8.css.gz: Generated files are not backed up
/css/css_-Zat806ud3qU9isrmXXI-eCJ4o0kUNM2QsC2N_Lbgtc.css: Generated files are not backed up
/css/css_Y4H_4BqmgyCtG7E7YdseTs2qvy9C34c51kBamDdgark.css.gz: Generated files are not backed up
/css/css_1GbGaZ86Uu0k_ymOyl_jIzjzaRDuK-E_Cmfst3dB8e4.css: Generated files are not backed up
/css/css_z9qBXlzjZgi3LC0fzsaiiXrM3tISlcl546AdCoQQbc8.css: Generated files are not backed up
/js/js_9prxt9IrGyCLZ8zXQUU9KQQCLc2lxiaQbJMMPxUdAU0.js: Generated files are not backed up
/js/js_Ep3QMISf1V7CuSmhql2mF0lMx25aTAKrRFUCOEGsLl8.js: Generated files are not backed up
/js/js_LO7QItCoUbaDBlIVk5T-cRkL6UlZ6NzsGE3VA6PNCHw.js.gz: Generated files are not backed up
/css/css_p1rrbzxXr-cHZW4oRKalA3AWSxjF1u3PhoNknH3-pJE.css: Generated files are not backed up
/js/js_-5V24QupoaxXsT0gbQxj2KgQtCHZBVdUT5ZZ24pdodI.js.gz: Generated files are not backed up
/css/css_nT8BnNCTVLXq892HTn0M9lcZSbxji19E1_8w36k0Q08.css: Generated files are not backed up
/css/css_XK0AHm9qpAfUMzAAfLYyNWFs_UGT6IPlv_9-hBbHgjk.css: Generated files are not backed up
/js/js_nBqPG3DD2PzL2FPKK0sVIwmTwd0sYA6ctRCi_gAaKGk.js.gz: Generated files are not backed up
/js/js_ELpooisP2_cDWaxheT3vzTlo3Epg0b4Gx4qelss3-Mw.js: Generated files are not backed up
/css/css_8qh3rDq7iozD1CLIpwred21aAqDJzB2EFk79jIFgECA.css.gz: Generated files are not backed up
/styles/large/public/2020-05/hm_0.png: Generated files are not backed up
/css/css_-NfUdfUg7D3UOJI3pupz4X6as83YCivtlBON_yM0tz0.css.gz: Generated files are not backed up
/js/js_RU5Gn1hNhIAPv1pKQEFmDv-Q-KtqelK6M8P5clytA3A.js.gz: Generated files are not backed up
/js/js_uGvOBaXP4PfWBjX-zUs-8TuZ8iSSrweojtslksTORp0.js: Generated files are not backed up
/css/css_qT5_nvjCx3YeHJQ-_z9j_TXYrBW8pdvX8txKeiNm7GQ.css: Generated files are not backed up
/css/css_n_V631a0OVfhoOTvppFVW-puI3ibT3DKDS8XPim62xA.css.gz: Generated files are not backed up
/js/js_RUpLlkISc-lYOAMy5A2syWzsoapI63uliqExVef2Anw.js: Generated files are not backed up
/js/js_B9WTdEUproJiZSnSVHsCMtCYuhIwolk45lMEEcbt87U.js.gz: Generated files are not backed up
/js/js_7XphhGazRNJyS2-bpqFV7eVl7RM5gGwJDZQ0BAaV-0M.js: Generated files are not backed up
/styles/thumbnail/public/2020-06/undraw_female_avatar_w3jk.png: Generated files are not backed up
/css/css_Y-bt79rt2hI28o9yjPD5pMFWTwG-ysr4FuO0SKImx1Y.css: Generated files are not backed up
/js/js_brrnP3Jqzl5oCdipOiHDWQVH5WNrXZld01M7xNVU5Zo.js.gz: Generated files are not backed up
/js/js_pQRweP2VWrMk18sOC5_doC_hHOavmYajR-B0OAf5pqQ.js.gz: Generated files are not backed up
/js/js_jg9lAtVCUg0OCnjIjbodP7BbLQipjnkOqPB0yzT3g-Q.js: Generated files are not backed up
/css/css_hBCrTKzDYq8biXd6paAGbmnodtlRLPYCw-iYKdgaGG4.css.gz: Generated files are not backed up
/js/js_ImJ3nfEWVKrN0c3ZtUmw58TUxGaIgi-PWUBjBfOIPqU.js.gz: Generated files are not backed up
/js/js_RUpLlkISc-lYOAMy5A2syWzsoapI63uliqExVef2Anw.js.gz: Generated files are not backed up
/css/css_s7vvzg6kjCPtXdJ1v85zJpO_jOasBr-LxVR0CIW0xn8.css.gz: Generated files are not backed up
/css/css_WfGPm-3OpFMu6RL1VRuvWBNrz4CxTjaTbbwOGvcPe2I.css: Generated files are not backed up
/js/js_BoRFUgDB7XxUQHt6zZBTMYL1SARqrsCQPyeEaPDcySA.js: Generated files are not backed up
/css/css_-xrupyMXemYZHkJ1L92ankQSiOh6y_BQo3mthDB1UjE.css: Generated files are not backed up
/css/css_nUuo_G-Dvn0DTXgyMMs653wY1-4hBbFktdrh7Y48wbw.css.gz: Generated files are not backed up
/js/js_zSHt5npbx7U3re4ZS9OYhou3P5eR2FAkSoySlQaG-Qc.js.gz: Generated files are not backed up
/js/js_ZjI08cC2AozgNCXBnZB5IuaaWKY0ilO1iDRLKNND_-E.js.gz: Generated files are not backed up
/styles/thumbnail/public/2020-05/c5.jpg: Generated files are not backed up
/css/css__3HPE9p4kugNC2hqxhnsI42KUWJJzh6jhq1OE6FDtx8.css: Generated files are not backed up
/js/js_ve8iDOSnE8Bd7Q8vJiLl4OASn2nxPfuqaxT2upToZak.js.gz: Generated files are not backed up
/styles/thumbnail/public/2020-06/hm-endurance.png: Generated files are not backed up
/js/js_PiHlSjr4kAZBoH2EIDcbmhk-G2qnAdrt4KveIBUN09w.js: Generated files are not backed up
/css/css_fztvbSzhtjcrfuyo6qDr19vgGiS912vVRDS2bJS8VHY.css: Generated files are not backed up
/css/css_3QrbbzOjns-QG5KKoZwrP6B2TYO3F7p5SN0XlShii2c.css: Generated files are not backed up
/css/css_w7ZTEQoW-FbcNduKQcUNKn8NfEajOxU53ZGKMvkGn10.css.gz: Generated files are not backed up
/js/js__Msf40yuGd4QqC90al-sdxz-om5ZqP4Drmu7JGfHAn4.js.gz: Generated files are not backed up
/css/css_qqvWH3eF6NYxjTneIV1j4_KcxjB7hl5O-YaKdOfIr4I.css.gz: Generated files are not backed up
/styles/thumbnail/public/2020-06/larvicultura.png: Generated files are not backed up
/js/js_nKuSxhXAg0icdx1feviqCzO_HjwAMCkdFuKm3bJbTko.js.gz: Generated files are not backed up
/js/js_om2ibCEVUwrT5i7B1iJlDyMEZDe5O9ecIVLyyduenkw.js: Generated files are not backed up
/css/css_RRkiTNUV2EuKO2OHTnxmrxngpGFtoMlm3TLPI8RwLlA.css.gz: Generated files are not backed up
/js/js_KhczI2dtjpEBlaKxE_ivKg3Fhq9IJphspuUk5E_Kox0.js: Generated files are not backed up
/js/js_63R3PCf7qh1pnqyWJ-t5a8jf3s1QIjRWdEhmph5K_mM.js.gz: Generated files are not backed up
/css/css_F-7LeertkjZiPCct9fiQTB2mU4tY83dvKcPIhFYbrQM.css: Generated files are not backed up
/css/css_1GbGaZ86Uu0k_ymOyl_jIzjzaRDuK-E_Cmfst3dB8e4.css.gz: Generated files are not backed up
/css/css_x2c4AAcYmtZnyAGkzTiET4ENaX58OZL6JBPRHEoTfqo.css: Generated files are not backed up
/css/css_oqDwEPhMPGFvCOWGb3hp-V3eFJIr_Xi7VKaSWiqkT4c.css.gz: Generated files are not backed up
/js/js_bFphEfdqPV3t7gG-6juspxQFXqHsTXbGIE5gIPKmUU0.js.gz: Generated files are not backed up
/js/js_emR27_T9TwpnNwo73By7_hCL39KRc1_84yJhuynsSug.js.gz: Generated files are not backed up
/css/css_w7ZTEQoW-FbcNduKQcUNKn8NfEajOxU53ZGKMvkGn10.css: Generated files are not backed up
/js/js_nXpQTEhA9WmG91YNpzuy0hDswBjxHkE0KpKr5TdRoLo.js.gz: Generated files are not backed up
/js/js_2tYpHXIM7jgJbAUZLHbD4q9B_-Rqt1xRVWRkO6vn-go.js: Generated files are not backed up
/styles/thumbnail/public/2020-06/undraw_hologram_fjwp.png: Generated files are not backed up
/styles/thumbnail/public/2020-07/person_1.jpg: Generated files are not backed up
/css/css_EISlUvkvMEYBHWXpNm-yAnXKUCTAGkUsyymQ8CQFdhI.css.gz: Generated files are not backed up
/styles/thumbnail/public/2020-06/hpl-endurance.png: Generated files are not backed up
/css/css_RRkiTNUV2EuKO2OHTnxmrxngpGFtoMlm3TLPI8RwLlA.css: Generated files are not backed up
/css/css_Lae7L6o1c-K2aJ-oa4rIsNIoY1JMPMPTrj3XfWd-KZg.css.gz: Generated files are not backed up
/js/js_vnC1jAJ5dv0xEWJGuSwm55rjEjQeQZZOmWuauRc_to4.js: Generated files are not backed up
/css/css_oTRidweudll2yQxOjzkCjR26aUJvWZZAlDNp-oAXTpA.css: Generated files are not backed up
/css/css_w4Oq3ksgNRoLi-65F64Gm0hWFSdeRy1K2zmAe4-6KrM.css.gz: Generated files are not backed up
/js/js_jHrkK6K4j5EZiZOmykwZi7aHt1dk-5vcRNcMXH9h-Po.js: Generated files are not backed up
/styles/media_library/public/2020-07/MISION FOTO_1.png: Generated files are not backed up
/js/js_aAM-SA9Ap61zRw8asCy2uZITdlyVW6qqNEalMTVX5-Q.js: Generated files are not backed up
/css/css_rT06N1hzNwWZvlauEGw5ZNFVKBrR23ibx56HC8Lyx4M.css: Generated files are not backed up
/js/js_ISdskRSTFp4lXXoIeepJCV8aEuW0XDIus0pxHDkkFDE.js: Generated files are not backed up
/css/css_V6Tfzd8-Vx43VblAwyd5cSeQwRcMxOnAbSRGhQIvtRk.css.gz: Generated files are not backed up
/js/js_Gu-7gnZG2HBUP43gkVGpe1lT_GxXGibvP_B8ndaXZKk.js: Generated files are not backed up
/js/js_wX3DYUnt8LLnyc8F8i5GDtQXMVrwDirFTfMtxNb5lY4.js.gz: Generated files are not backed up
/css/css_Kv_VJnWa0OEy1y0O-zDF8q23kWO-k2LME1hd_2oDFdw.css.gz: Generated files are not backed up
/styles/media_library/public/2020-07/larvicultura (1).png: Generated files are not backed up
/css/css_4juE18wa0ykpAlEeI5se6kYDL8jU6RXDkMu2y2efaXQ.css.gz: Generated files are not backed up
/js/js_opsQ32aEPDJuH1OvgNpCkb8NAZvd8ef8vEgchP5d9lo.js: Generated files are not backed up
/css/css_gOy7P_iX90RkCQu3LK0QQlMfWgW2Bmgj9JWjWnDYz_M.css: Generated files are not backed up
/js/js_dMIwqnMgxSCJDTuUvXJ0YaWlwkyUI-d3r8IGujJv-A8.js: Generated files are not backed up
/css/css_kEkUqI-OUcjIcAemmQjaX9alW3UfKlcz7RQV-BfZZ4Y.css.gz: Generated files are not backed up
/css/css_lw8M-eiaKLyWH2H8jJUdl2a6CPsrmX3MOJcjwWfvAc8.css.gz: Generated files are not backed up
/css/css_-ag16v6Iu9Dgr3ndloYUzf8ieFEirliU3vPPuGTLLwM.css: Generated files are not backed up
/js/js_2Y207ttCpCZYPYevg4fVSqk61ULsTOkPkW0V-BjQ1zc.js.gz: Generated files are not backed up
/css/css_k66I-ha_wvFZemjC88_mq9BE2l4FN4fEawjriOodHqM.css: Generated files are not backed up
/css/css_Lae7L6o1c-K2aJ-oa4rIsNIoY1JMPMPTrj3XfWd-KZg.css: Generated files are not backed up
/css/css_j8RbbFUOGvzHtun3XLD6rSwRLOJIpciwcl7E6D6SJs0.css.gz: Generated files are not backed up
/css/css_39Wysqs5MAtxjI6zpjCktwXDwApxcnyjtFGcWNWe2Mc.css.gz: Generated files are not backed up
/js/js_YlCvOCY1hOBSzR9-uGvd111bPCCAEzbpj9CnWJshsbk.js.gz: Generated files are not backed up
/js/js_t86ky0Ll_-5fYVM1jpkaSC6uFdm2teW_O6v9fX7D2xQ.js: Generated files are not backed up
/js/js_B2V5Yj4YdnQWwx5cFwccK6O77u5wJp5qL3ik9Zv3fpY.js: Generated files are not backed up
/css/css_gk2YkwgisCkquYfg3XDEFAtzWgSrquzvplnI8IJqjBc.css: Generated files are not backed up
/js/js_PJ30MxPyfUlKulQcZl1SMrDyqufzn5JXDOhnLHDt4Ts.js.gz: Generated files are not backed up
/css/css_39Wysqs5MAtxjI6zpjCktwXDwApxcnyjtFGcWNWe2Mc.css: Generated files are not backed up
/css/css_uyxnFHzHoI0rMp8r5Hf7vxDc3ephwK-Dhh8RIN7cbrM.css: Generated files are not backed up
/css/css_EuAV6BBPO63kiEWof09v5s97S-1Eso9rS2swGZt91zY.css.gz: Generated files are not backed up
/css/css_y_c9Ykvksyl--dregd9KJEqj_CubEjl1FdKI0vZLTd4.css: Generated files are not backed up
/css/css_kf_2NrWid9Fa0ym1FExejZtTMNa1wnfAOf-NhmAJHrg.css: Generated files are not backed up
/js/js_YlCvOCY1hOBSzR9-uGvd111bPCCAEzbpj9CnWJshsbk.js: Generated files are not backed up
/css/css_p4aOeXnckj9WQvmKCLIh7Vxmut3r8GOb0IwwIae3iP4.css: Generated files are not backed up
/js/js_R0_YTi3e6ES-eR3INgzZWpgzoWAff_p7zi1n_29UJIY.js.gz: Generated files are not backed up
/css/css_kP8nqtF8jJumLhHnwoMX4ctldxhsg1Jcp7LMaTfYnDg.css: Generated files are not backed up
/css/css_X8CdB66di3QbxjMFlfQGw1Rr6fKA5avEpmQtQ_-O91Q.css.gz: Generated files are not backed up
/styles/thumbnail/public/2020-07/person_3.jpg: Generated files are not backed up
/js/js_xi1P69oUbMmL2Y51wrTeTdKMw16y3hHKcbWrOC_zDlI.js.gz: Generated files are not backed up
/css/css_yRQeplx2RhS2X6CWKLV3fZw6JI34EaAyN6HciOEjTWQ.css: Generated files are not backed up
/css/css_-eDe_AwwQ9YpNjrtAe-7lklJr6uuocYOys2T9JqPgkE.css.gz: Generated files are not backed up
/js/js_6KYGxCHdsgv6WKdzfuOgdGp-QNJ7Am5qBJ0SMHRQclY.js.gz: Generated files are not backed up
/css/css_VwAf5qNLBWBku0dySA9qZoBaVhpP88QR66gfxTJBBfk.css: Generated files are not backed up
/css/css_Dse3ukXkMBSgDrt0Fhl7x8362lJocNEC5h6rN2dm0wI.css: Generated files are not backed up
/js/js_Xtly6V50TWP3HFzdUzmY_IUHrKPJqrLZ3ndAkvQJd8U.js.gz: Generated files are not backed up
/css/css_gjJ20hg-qxa_JzfdSJZIMepHfVmzPlZcrX-lWCIGalY.css.gz: Generated files are not backed up
/css/css_VDtSlUcl6NI6XwjIB9cCw04NHijABcI5CfBEk5s7Kso.css.gz: Generated files are not backed up
/js/js_xi1P69oUbMmL2Y51wrTeTdKMw16y3hHKcbWrOC_zDlI.js: Generated files are not backed up
/css/css_-xrupyMXemYZHkJ1L92ankQSiOh6y_BQo3mthDB1UjE.css.gz: Generated files are not backed up
/css/css_91lUVmEdQldi0TUfxC-5py6YglEHrjkIprrBj9CrgJg.css.gz: Generated files are not backed up
/css/css_eD62tLosWGPI96nHchD_va0xe7Qu3ED2HGN1mlikqqU.css.gz: Generated files are not backed up
/css/css_Lld90plHI1ZCGe1ID0RkNeuJhLn3V_FBinH_Tmxc5XQ.css.gz: Generated files are not backed up
/css/css_w4Oq3ksgNRoLi-65F64Gm0hWFSdeRy1K2zmAe4-6KrM.css: Generated files are not backed up
/js/js_Woil8JUlg3az_kfrtvwxD6wXAXBg2HaXIkMtFUr4zH8.js.gz: Generated files are not backed up
/css/css_EPvaVxPW-u9yI4Z6-z84HhMF5HcV7af6M7O3UrQNVqU.css.gz: Generated files are not backed up
/styles/media_library/public/2020-07/PORTADA LARVA.jpg: Generated files are not backed up
/css/css_PRbWNMHMhij9nP_JSrhJJu4LJ7ayWXJFOuXu4zmy-TQ.css.gz: Generated files are not backed up
/css/css_IBroxBRn8-ZXrgHApCAuun4gJCTVyd5AZS3sC2SL9Nc.css.gz: Generated files are not backed up
/js/js_emR27_T9TwpnNwo73By7_hCL39KRc1_84yJhuynsSug.js: Generated files are not backed up
/css/css_EuAV6BBPO63kiEWof09v5s97S-1Eso9rS2swGZt91zY.css: Generated files are not backed up
/styles/media_library/public/2020-07/camaronicultura_0.png: Generated files are not backed up
/css/css_1X_xyb-VQ0W4V0PNGi6rPI45df1yUWctsZCPWpLkNs8.css: Generated files are not backed up
/js/js_NFmK8YvS925Jlyrq9a0meyaFsSeu8nqMbjEbAixcCws.js: Generated files are not backed up
/js/js_WyZYjXjPHrJZHdwQ2B62KVi1C97Ya7uGznVzPWG762U.js.gz: Generated files are not backed up
/css/css_2n7b2T786pjtycoNteb7kJJ2e3-ve4OshEQu6sV_xN4.css.gz: Generated files are not backed up
/js/js_5qeRsmn5byuJXoGRJ7RGRrklA8eKTXbS_9QBsMX1HWk.js: Generated files are not backed up
/css/css_xsqENCnzN_hzE4S5GQXJMCV4zWohPS6r2X5eEy5dZBE.css.gz: Generated files are not backed up
/css/css_jJf7ecnjdX8JRVwBans29zHzub9MEmhgLMDeqMffZyU.css: Generated files are not backed up
/styles/thumbnail/public/2020-06/camaronicultura.png: Generated files are not backed up
/js/js_fm8xu8arYN0kT1Yl2PwoYYt8TrU2XqklUCsgjVOIqlQ.js.gz: Generated files are not backed up
/css/css_sd8gcAVoVgRbrgGaYOGl4cadjU3WynLE1Goxl_QbU3w.css: Generated files are not backed up
/js/js_mgMwYb9hjEtrFsanh0zuwXWAjJNwZk3uEq2jhDTKfHE.js.gz: Generated files are not backed up
/styles/thumbnail/public/2020-06/hs-omega-thumb.png: Generated files are not backed up
/js/js_7pkV8HFmAJxvUefLm2woX-v9wL5rmLlOpVK4xY_lr1M.js: Generated files are not backed up
/js/js_IUcEoFn_KDhM-OP21jCXUruP08rMoxFH6HFvJwHo2As.js.gz: Generated files are not backed up
/js/js_0SHN1C2mSApXQYN_23WEdbdlvFXwxZDxBjQh8WPbVis.js.gz: Generated files are not backed up
/css/css_9876Xb-61tpGmQRhPxMYDGzfHY4p64qea-ATbMfFPY4.css: Generated files are not backed up
/css/css_0LoES8-8J9jMncy14dUpDTc0LafONg2q6V1Yw9Wq16c.css.gz: Generated files are not backed up
/js/js_Woil8JUlg3az_kfrtvwxD6wXAXBg2HaXIkMtFUr4zH8.js: Generated files are not backed up
/js/js_brWXedRkjPgEDSYRSeMdvGzCXYLhF8Ez0QXPFvClTu4.js.gz: Generated files are not backed up
/styles/thumbnail/public/2020-06/03.jpg: Generated files are not backed up
/css/css_9FRFGyUIXHfcLFbQaLGBvUIVli0ry7uM-4-cIl7ghVU.css.gz: Generated files are not backed up
/css/css_NnhCJlPWwLR7HeM95ScBSmRUH2HyN_Wrvf0bHAvktyM.css.gz: Generated files are not backed up
/css/css_EISlUvkvMEYBHWXpNm-yAnXKUCTAGkUsyymQ8CQFdhI.css: Generated files are not backed up
/styles/thumbnail/public/2020-06/hpl-endurance-01.png: Generated files are not backed up
/css/css_WMxAPf6BeVqtBfqBf00UhS-b-XQncGhKm5L0t_7qHqY.css: Generated files are not backed up
/css/css_Y-bt79rt2hI28o9yjPD5pMFWTwG-ysr4FuO0SKImx1Y.css.gz: Generated files are not backed up
/css/css__ho3Atx41P0h-sChd2PmPtsi5QtxzsFBY0lUXGZXNHU.css.gz: Generated files are not backed up
/css/css_CKU69Y6KEaMD3jTD0ePTULbWyGS7MB7EuVeskYYeefk.css.gz: Generated files are not backed up
/styles/thumbnail/public/2020-06/02.jpg: Generated files are not backed up
/js/js_CUdzpImh63bOY45-ccnKJkqldpZo8v0F4tQJGqJE_-s.js.gz: Generated files are not backed up
/css/css_fztvbSzhtjcrfuyo6qDr19vgGiS912vVRDS2bJS8VHY.css.gz: Generated files are not backed up
/styles/thumbnail/public/oembed_thumbnails/Cb00tUm6n9enV_JnF9o800Kgf8OL9xJ8rbqc25yoU24.jpg: Generated files are not backed up
/js/js_QlkcZCVhkRa4s7Cd9gHjAyv2Du7NNAaWvrJDz7-pr_U.js: Generated files are not backed up
/js/js_JhlpyqUcuwXx-f3QwoscUpcHFDQ66IMaguHG_H2MBA0.js.gz: Generated files are not backed up
/css/css_E1-pdMPtMJgE4oBDXL3U2iObHYA1-LiVqPhz5yq3-uo.css.gz: Generated files are not backed up
/css/css_rmAfUs6sL9WQL3flRT-ioyeogce2d5DgFNbMJm8KEQc.css: Generated files are not backed up
/js/js_-WwuQVQ_zo1O6raxsayfVXeeuLn60TQK7_ZrnoxZF7k.js.gz: Generated files are not backed up
/js/js_HORTPtfwkj9KqjOHB7ZS-nRG_76n2GV2loOUN7L5hU4.js: Generated files are not backed up
/css/css_QsNKmDKOq28Di9cHK3IOp92b_OS9pnu5ms9aLbPmCRw.css: Generated files are not backed up
/js/js_NE9x5L2_cYoA4AHMqoYdMn4iBOR0PqyFbbVKlFpkOLE.js: Generated files are not backed up
/css/css_-eDe_AwwQ9YpNjrtAe-7lklJr6uuocYOys2T9JqPgkE.css: Generated files are not backed up
/js/js_gevdilgDHUuTK0DdP8kwX0z78AhReKZ0UrRsmh7uq9s.js.gz: Generated files are not backed up
/css/css_s7vvzg6kjCPtXdJ1v85zJpO_jOasBr-LxVR0CIW0xn8.css: Generated files are not backed up
/js/js_BoRFUgDB7XxUQHt6zZBTMYL1SARqrsCQPyeEaPDcySA.js.gz: Generated files are not backed up
/js/js_VhqXmo4azheUjYC30rijnR_Dddo0WjWkF27k5gTL8S4.js.gz: Generated files are not backed up
/css/css_3avuz_5OWQ4AGLYwQ6kd1JhJ7mj52J95jQcPmSohOIE.css.gz: Generated files are not backed up
/css/css_iLhZU7wcyHe-4ug93jxnqnj_45FcshaRpWTa3GsPlyc.css: Generated files are not backed up
/css/css_ejCuPrl6fFQGKuSibPJ7ghkuIJ7ZcW0_Auu3VNPziYA.css.gz: Generated files are not backed up
/styles/media_library/public/2020-07/larvicultura (1)_0.png: Generated files are not backed up
/styles/thumbnail/public/2020-06/agricultura.png: Generated files are not backed up
/css/css_jGOujBffWxYDBmn9y5AxUaJNvNJSVtk4IHsqoyr22EI.css: Generated files are not backed up
/css/css_kyvoKg8j2c6-f0sc5x8NQe3tHqQOAMI0msb0n3lHX5g.css.gz: Generated files are not backed up
/js/js_xDIzDqvs8AbAUK5Zs9B9TzMvqkVr7Ezpz2RsVe6UsFM.js: Generated files are not backed up
/js/js_-5V24QupoaxXsT0gbQxj2KgQtCHZBVdUT5ZZ24pdodI.js: Generated files are not backed up
/js/js_cXlApBnhBdnZhaA2cOh5RXOWnOqnzmCBaWQlKW-_UvA.js: Generated files are not backed up
/js/js_edcZBzNwPN-8aQG87D46QY5w1_Vp7KFwo56XFmRlPBI.js.gz: Generated files are not backed up
/js/js_Rwcrt5vXzgfY-ROkSazEvAe1AIBKCtodcAfNL695Yrw.js.gz: Generated files are not backed up
/js/js_7EoGBKlhQbBqFHywN8sKepjYYofmaFybzIMYTNjwbq4.js: Generated files are not backed up
/js/js_O5zN_AVTiJ_j2IQLJ-bSiZKDlE3HwW2zwr47Fkd9xOY.js: Generated files are not backed up
/js/js_cOrSUOgNZyDbi8BsmDMu5a7viYdQXCE0PrYDH_Ua_ms.js.gz: Generated files are not backed up
/js/js_brrnP3Jqzl5oCdipOiHDWQVH5WNrXZld01M7xNVU5Zo.js: Generated files are not backed up
/css/css_ZZ-WVKzOVToynri4T8Iid0dS6xvz6nNIM3SokqR5tTQ.css: Generated files are not backed up
/js/js_AU6x0xMeLGUazVta4nCGCCVK6ozvjUFjzg_OmXTi79Y.js: Generated files are not backed up
/css/css_MJgrRseLaQh_76AJ5Pu0eGPmGH0iOBDxpfFOfEomGco.css: Generated files are not backed up
/js/js_OWv-1Cb4h3relc0_ExeJbkBvlW6-3F-RyOOxXhvcSUQ.js: Generated files are not backed up
/css/css_IGDlJ57KQASM6zguc84_xPQE1cSkLu3Yr_rFKODS0y0.css: Generated files are not backed up
/css/css_VX8gzRrjdP8--bZ_fQV7eYB5dJTCjEl1jX9YVg7KcAs.css.gz: Generated files are not backed up
/js/js_Jt2FfHmJM-UkX6SEnPQBFWwI71LUBiGfcBi-KnXcXi0.js: Generated files are not backed up
/js/js_NCTxtVgFsz9DR9joVGixESaz550piZRvi2WQnnC3XUo.js: Generated files are not backed up
/js/js_NE9x5L2_cYoA4AHMqoYdMn4iBOR0PqyFbbVKlFpkOLE.js.gz: Generated files are not backed up
/js/js_mqGvpxn4ZXKZi71r3EwpvCIlY68P--_dESCV4tPsm1E.js: Generated files are not backed up
/js/js_oJQhoj0uNfM-eG3lJo8s9_SvBY1nRXXwGYuYGpcwwh4.js.gz: Generated files are not backed up
/js/js_a3ozgR2ItxaVF4W2-MYnJ7Qyhmmhz1xfmGlTFhhku-M.js: Generated files are not backed up
/css/css_y_c9Ykvksyl--dregd9KJEqj_CubEjl1FdKI0vZLTd4.css.gz: Generated files are not backed up
/js/js_9SxkIde3Pbj-SPLBzcg1WrfamjUc9caLs77hOPtdikg.js: Generated files are not backed up
/js/js_rkgp6cDYKC5q1er-OmTe3stTzNsaVaYvqNPolEXd6Gs.js.gz: Generated files are not backed up
/css/css_AxHJF6ED8p_ntbEToAHz7uELQU9Dv3E13MltJMYSAv0.css: Generated files are not backed up
/css/css_3QrbbzOjns-QG5KKoZwrP6B2TYO3F7p5SN0XlShii2c.css.gz: Generated files are not backed up
/css/css_r0eHJN5WaxH1RJeXqMNDe6O30mc2yyBmzN4Dqj-0ACg.css: Generated files are not backed up
/js/js_7EoGBKlhQbBqFHywN8sKepjYYofmaFybzIMYTNjwbq4.js.gz: Generated files are not backed up
/css/css_87GMcmxT1ib8ziQiU2KUAnTDFtZQV6iP-KGslA9LigM.css: Generated files are not backed up
/js/js_kR2KEhYpm2OKZpvp_RAjDrdxXADMybXlq1AdWiVCFO4.js: Generated files are not backed up
/js/js_ZGqWJOLxq4oJvzV2MYX0xPsZO3gK5KogVR4q_DPJfZI.js.gz: Generated files are not backed up
/css/css_uPaavHOStjVLVMov8b7w6CBF6aYJ8NBd4F2ReNl6STU.css.gz: Generated files are not backed up
/styles/media_library/public/2020-07/valores hestia.png: Generated files are not backed up
/css/css_kf_2NrWid9Fa0ym1FExejZtTMNa1wnfAOf-NhmAJHrg.css.gz: Generated files are not backed up
/css/css_mxtgk9Mkn38kl3x1zgyTqp3W56REhzQxP-JA-osmDKc.css: Generated files are not backed up
/styles/media_library/public/media-icons/generic/generic.png: Generated files are not backed up
/css/css_T6pyXiwVGyAssyXUpfn-21Ywmh43xXkSXSspGKOijIE.css.gz: Generated files are not backed up
/js/js_TKLQo7WwjN9NeMUhOguA4woXlu7__XrkLY5r_5w-q84.js: Generated files are not backed up
/js/js_OERdIrXxQ4F8LQPmqqV5Pi7KXyZYvWAy8oyv7zclCRM.js: Generated files are not backed up
/js/js_DsMiPKxV0eIQGlEhLI7w46KCLhdCGYgvFsN3dfyIn_c.js.gz: Generated files are not backed up
/js/js_OkCL1V-oUMmL8VCaG3Mf6OJ1RyFfdHkgLqyCw623FHA.js.gz: Generated files are not backed up
/css/css_Dcf02DKLkaKhtCoAJMANjupUNphPn2n58PXPWVzfHg8.css.gz: Generated files are not backed up
/js/js_rjs5nJTYkv7uNpdgk48rnVhk-YYdfW9OwjBNqOYzf6A.js: Generated files are not backed up
/styles/media_library/public/2020-07/vision FOTO_0.png: Generated files are not backed up
/js/js_bDTj72uS_vf0Y70sz4-5ITyXE8wQdUbKenRCowyf7XE.js: Generated files are not backed up
/js/js_67-0kLhOK5ZVv2E2DQsHMDKwHA3n9BRBEMw7cF-0eQU.js.gz: Generated files are not backed up
/css/css_aRCuPYB_242NMLca-YIna6sUEt8fAUwVkiwfg08rhbA.css: Generated files are not backed up
/js/js_TsMALpg3iUPSZw3ZcR4-IvY7222i3AsYO1LDAaFRlPw.js.gz: Generated files are not backed up
/css/css_SQLBUR-cnsLlp9UVp3p7QoH0F3fK6_jKjOBNgQ8iexk.css: Generated files are not backed up
/css/css_IR1zAPFvRZIFzJ_o7zAPv1SE1YBMzio_kK8QcjvTpts.css.gz: Generated files are not backed up
/js/js_PiHlSjr4kAZBoH2EIDcbmhk-G2qnAdrt4KveIBUN09w.js.gz: Generated files are not backed up
/js/js_xJRDWsJcUYCA7dWVshRmcIltY1CufmgxEJdrSnBhBqM.js.gz: Generated files are not backed up
/styles/thumbnail/public/2020-05/hst.png: Generated files are not backed up
/css/css_qR26tG0dsRppxrXpLvbkEDadlYcic9wlrA3i3qFVO30.css: Generated files are not backed up
/js/js_dOV21SZ52DkToVrnxzQhC95-kYEjPoG_mZ5sgqe8824.js: Generated files are not backed up
/js/js_SxWSo7DKQTs_liXa5QU1GUyZ63s0ftlVSqD7h5sRx54.js: Generated files are not backed up
/css/css_8NavBd6r81yHwTHpqR2H08CEKO-4z1xlLBWz1uCzxic.css.gz: Generated files are not backed up
/js/js_nmw3BxeVcMlV-FLqWDkFGDP4KIgzIz2zCxxcE_PZSL8.js: Generated files are not backed up
/css/css_QsNKmDKOq28Di9cHK3IOp92b_OS9pnu5ms9aLbPmCRw.css.gz: Generated files are not backed up
/css/css_1WVEdy02NAlhfOvteuYQebXnoFDcr1cQBomh8CBRNrI.css: Generated files are not backed up
/js/js_om2ibCEVUwrT5i7B1iJlDyMEZDe5O9ecIVLyyduenkw.js.gz: Generated files are not backed up
/js/js_WdCO2TSDorPnESG2exUAdeV7_OB-k7gG7Q2VTF4x0VQ.js.gz: Generated files are not backed up
/js/js_4UWgMLNsSmGwnW6ZxshD-uucmi3Bw8fkwOWtgAxBQjw.js.gz: Generated files are not backed up
/styles/media_library/public/2020-07/camaronicultura.png: Generated files are not backed up
/js/js_kn6LHXmatenf2oTFC3RGnhBcZ8Er2u-rAOA5gdKj4nw.js: Generated files are not backed up
/css/css_GedAPvANQNankAnrrMrrByLclgbi2GezT6JWI0o0GkU.css.gz: Generated files are not backed up
/css/css_F-7LeertkjZiPCct9fiQTB2mU4tY83dvKcPIhFYbrQM.css.gz: Generated files are not backed up
/js/js_I9yAr0UUyRWrprVo79vw5K2k42BGnSlkdzXFVrCy89M.js: Generated files are not backed up
/js/js_XGSA7CEIxHC6nczvrV0ZM2OZUtG9KrIN-wLx4x1vAX4.js.gz: Generated files are not backed up
/js/js_m6WTKAgcrgJFYs2P7yhlY2NOXjGvF2627ZnNhlLDFds.js.gz: Generated files are not backed up
/css/css_n_V631a0OVfhoOTvppFVW-puI3ibT3DKDS8XPim62xA.css: Generated files are not backed up
/css/css_hxJyL6sLD14UEx0kE_RoQcGldDA3hTFZEqAj4-j3zgc.css: Generated files are not backed up
/css/css_8qh3rDq7iozD1CLIpwred21aAqDJzB2EFk79jIFgECA.css: Generated files are not backed up
/js/js_5D8QDr_sl8PgNm-qKONy_7rzEuKw6mGFjM1fuVPUho0.js: Generated files are not backed up
/styles/thumbnail/public/2020-06/transporte.jpg: Generated files are not backed up
/js/js_PycSofkYBedioUFdNDu3BCwoXeuwiY7zlx8bjCUlDyI.js.gz: Generated files are not backed up
/js/js_Vo-Hhu9Rm9HaY5lwHxnh1oAAiJBEpSdmoMtFzvwJGSg.js.gz: Generated files are not backed up
/styles/thumbnail/public/2020-07/endurence.png: Generated files are not backed up
/css/css_8G9zRV703yu5HAYuSQz38mxpUl2VrBEH29QNKZIIHCA.css: Generated files are not backed up
/css/css_S2cB-bO4YEf4SMI9UluLdN9DOAvFjSSqM5-nYlb917I.css.gz: Generated files are not backed up
/css/css_Dse3ukXkMBSgDrt0Fhl7x8362lJocNEC5h6rN2dm0wI.css.gz: Generated files are not backed up
/css/css_aRCuPYB_242NMLca-YIna6sUEt8fAUwVkiwfg08rhbA.css.gz: Generated files are not backed up
/css/css_Dfl9oX7OqvhDdiLJHiLvz3ken2_xH_EUOTZe8eqZDfU.css: Generated files are not backed up
/js/js_mWYbQQS1VA2xKYmBK27py798gtBWEG_qGXUKeEwFto0.js.gz: Generated files are not backed up
/styles/large/public/2020-05/hst.png: Generated files are not backed up
/js/js_JBgf8Ol13AcwugTN43_0CzklA5N5GORFjNPnHx2rzuI.js: Generated files are not backed up
/js/js_JOt6skaYCSMEeWUs1Rm42NkfzddeBuNYjWq60PfCpmY.js: Generated files are not backed up
/css/css_qT5_nvjCx3YeHJQ-_z9j_TXYrBW8pdvX8txKeiNm7GQ.css.gz: Generated files are not backed up
/styles/media_library/public/2020-07/planta productiva.png: Generated files are not backed up
/js/js_5D8QDr_sl8PgNm-qKONy_7rzEuKw6mGFjM1fuVPUho0.js.gz: Generated files are not backed up
/css/css_B6sKADCd0mse_8bYE3BrgGZAjjjclN3F7GtiprekgK0.css: Generated files are not backed up
/styles/media_library/public/2020-07/PORTADA LARVA2.jpg: Generated files are not backed up
/js/js_yqIb10WAiyHp_IHIuOhCOr12MtC6LQiSPL6QcOEYPvo.js.gz: Generated files are not backed up
/js/js_Gu-7gnZG2HBUP43gkVGpe1lT_GxXGibvP_B8ndaXZKk.js.gz: Generated files are not backed up
/js/js_4aqDS_SkxMw9yRYc67a0FMIsqtUzzln2dHIRXEOm1Yw.js.gz: Generated files are not backed up
/styles/medium/public/2020-05/hso.png: Generated files are not backed up
/css/css_VwAf5qNLBWBku0dySA9qZoBaVhpP88QR66gfxTJBBfk.css.gz: Generated files are not backed up
/css/css_Vpslcrz2ORA8tVHiEpscWggvmAVpFUp4ncIJzxnVHfw.css.gz: Generated files are not backed up
/css/css_8e1khvcZTMMYWC3nHDiWeQCumWLIMC97TtYosm0gJqw.css: Generated files are not backed up
/js/js_qPf9yKVAQIS6L2riv_iYgs3YfmxM3E1Y-YdbGnOKCAw.js.gz: Generated files are not backed up
/css/css_wR66-Y4sly7d_G3PJyYyrCPzynla9ujeB7h8dRiqZ-U.css.gz: Generated files are not backed up
/js/js_HORTPtfwkj9KqjOHB7ZS-nRG_76n2GV2loOUN7L5hU4.js.gz: Generated files are not backed up
/css/css_b-R5SLSya_7Ym1PEQR8vzytIi3jPL5lYioq2Yoh8C_A.css: Generated files are not backed up
/css/css_cRIFL6derPt0SHNyBJ8ta5cjKtJFcvuH0Ne45u7IfeM.css.gz: Generated files are not backed up
/css/css_CLsNUcB1erk_s0ZDDGLbB9wlTVyzYPw-ZlxO5b85EpE.css: Generated files are not backed up
/js/js_-WwuQVQ_zo1O6raxsayfVXeeuLn60TQK7_ZrnoxZF7k.js: Generated files are not backed up
/css/css_PRbWNMHMhij9nP_JSrhJJu4LJ7ayWXJFOuXu4zmy-TQ.css: Generated files are not backed up
/css/css_c6kN1NnoU6ZeEF1-x100TQVOirAX0zEsHpxEqSIOmWY.css.gz: Generated files are not backed up
/js/js_j1TwuYAXxfb1DCV8KRZ0UghGRVKipFHxKblUQXLKG88.js.gz: Generated files are not backed up
/js/js_pGEAA323yNJ2G1KLU_zTA-CEH6uKSl7LsbXe4V-8DDY.js.gz: Generated files are not backed up
/js/js_ZxMxI8lOhA8JQjwQwMmfc4bkdNWiod8ZDXiebKJXWGg.js.gz: Generated files are not backed up
/js/js_OERdIrXxQ4F8LQPmqqV5Pi7KXyZYvWAy8oyv7zclCRM.js.gz: Generated files are not backed up
/js/js_KOMm2y_Qm5iuDz6RkcdUne-Bn0zBpMukj-OajjBimyA.js: Generated files are not backed up
/css/css_m0_ObqxBQxWo_MqdduJkACwcKYW9YkAukyTXCX8DmyQ.css.gz: Generated files are not backed up
/css/css_r-q865ijLK1xg-4kSFVgzehLt8uD5pSPPEYvgIEK4BI.css.gz: Generated files are not backed up
/css/css_A_Xb4pi9FqtInY1PbLrFwXftqH-H896eNhM5rPznwlw.css: Generated files are not backed up
/css/css_WCHWC-n6Ndd_yd-SHjMlv7EWqjUGLXxHOMZhwMcPhDQ.css: Generated files are not backed up
/js/js_pQRweP2VWrMk18sOC5_doC_hHOavmYajR-B0OAf5pqQ.js: Generated files are not backed up
/css/css_kEkUqI-OUcjIcAemmQjaX9alW3UfKlcz7RQV-BfZZ4Y.css: Generated files are not backed up
/js/js_QmMSWkbV1UoXF8NdD9e6jaeMbXoyARbj-R5sRMJ4FsA.js.gz: Generated files are not backed up
/css/css_Pt3O9L5bLAkTJMvuPD4p0o1YTVCFQy6hBbuHxjiKM7I.css: Generated files are not backed up
/js/js_KhczI2dtjpEBlaKxE_ivKg3Fhq9IJphspuUk5E_Kox0.js.gz: Generated files are not backed up
/js/js_Spl_GJDxvHXPMLkbRFhO5Q-k-9ZAQeWRhrvLfz4Dxcg.js.gz: Generated files are not backed up
/styles/media_library/public/2020-08/VALORES (1).png: Generated files are not backed up
/js/js_VtafjXmRvoUgAzqzYTA3Wrjkx9wcWhjP0G4ZnnqRamA.js: Generated files are not backed up
/css/css_ZMUatQ972Mkw-JX3drNs5MJaacyptIbjrAGxqOcfCAg.css: Generated files are not backed up
/styles/media_library/public/2020-07/valores (1)_0.png: Generated files are not backed up
/js/js_tPEBjustWoq_YyZFui1dKkphaOt0E0QWNMnsDvhobmk.js: Generated files are not backed up
/js/js_wXqg-7lZjAs2cre0zgd-ctfSp0NWBPehsM7Oi6NsaM4.js: Generated files are not backed up
/js/js_05QUOsvi9JibSPJGbgifZxcBwnXnKn41UkhvmfQp-l0.js.gz: Generated files are not backed up
/css/css_-5FNH5nogr3Sdx_ayHpDRfjKVSJW-W0hMrHK_8TPclo.css.gz: Generated files are not backed up
/js/js_CUdzpImh63bOY45-ccnKJkqldpZo8v0F4tQJGqJE_-s.js: Generated files are not backed up
/styles/large/public/2020-05/hz.png: Generated files are not backed up
/js/js_-V6FlVbAztmT-KwO5GGLd79VRhp6LqARaxk584J7YE0.js: Generated files are not backed up
/css/css_FgkcVhaYZhFr9UdFgBSO065sL8H42ldEVEN3LK_ooXM.css: Generated files are not backed up
/js/js_L9TfRsmgzeM6gFziCzuv4zm4ttoqyE2DY8QOCwdKeXg.js.gz: Generated files are not backed up
/css/css_OxD0k8ZYU5zjXkKA4E-i8eaQ76bmoiOlja52eNx_vHE.css.gz: Generated files are not backed up
/css/css_x2c4AAcYmtZnyAGkzTiET4ENaX58OZL6JBPRHEoTfqo.css.gz: Generated files are not backed up
/js/js_xDIzDqvs8AbAUK5Zs9B9TzMvqkVr7Ezpz2RsVe6UsFM.js.gz: Generated files are not backed up
/css/css_GZmPNqypxNXM_-Q_MQGT1y31bnSIbg1uyaNfiVT9qJw.css.gz: Generated files are not backed up
/js/js_5qeRsmn5byuJXoGRJ7RGRrklA8eKTXbS_9QBsMX1HWk.js.gz: Generated files are not backed up
/js/js_kCZLrHaaz6sfpnNTHI9PXTTVCKMGt5L2oWB2HCNRmh0.js.gz: Generated files are not backed up
/css/css_cRIFL6derPt0SHNyBJ8ta5cjKtJFcvuH0Ne45u7IfeM.css: Generated files are not backed up
/js/js_2Ny5hls0XkTv1N5lKI_DrmWANbq1PkViYu9PWHrjAio.js: Generated files are not backed up
/js/js_3g0rXbUv-qLRsHXOlFM9U8ev7zYrS20GMwaSnLiIQAg.js.gz: Generated files are not backed up
/css/css_sd8gcAVoVgRbrgGaYOGl4cadjU3WynLE1Goxl_QbU3w.css.gz: Generated files are not backed up
/styles/thumbnail/public/2020-05/hpl.png: Generated files are not backed up
/css/css_9876Xb-61tpGmQRhPxMYDGzfHY4p64qea-ATbMfFPY4.css.gz: Generated files are not backed up
/js/js_G7Ixe8ouFYlz-o8N2JYfLHyOCgSVXmwZL0Q9YVmJiiM.js.gz: Generated files are not backed up
/css/css_RUrjRJFe9mRpAZ793T6iUQUEVJP5SACxpG78q4IiuwU.css.gz: Generated files are not backed up
/css/css_9Nr1wck5GaCz5aWEzG5twDWuvIT7jIL4ZenUupmg2x4.css: Generated files are not backed up
/css/css_uxiXVzMq9BKHKbFS4PrIjVJaHGM1PNpGZLCzPTdMxK4.css: Generated files are not backed up
/css/css_-5FNH5nogr3Sdx_ayHpDRfjKVSJW-W0hMrHK_8TPclo.css: Generated files are not backed up
/js/js_RU5Gn1hNhIAPv1pKQEFmDv-Q-KtqelK6M8P5clytA3A.js: Generated files are not backed up
/js/js_Spl_GJDxvHXPMLkbRFhO5Q-k-9ZAQeWRhrvLfz4Dxcg.js: Generated files are not backed up
/js/js_bDTj72uS_vf0Y70sz4-5ITyXE8wQdUbKenRCowyf7XE.js.gz: Generated files are not backed up
/css/css_aQLimae0XiX5mXA6HooDLEU8MSbdGKrrr5djPNxdES0.css: Generated files are not backed up
/js/js_R0_YTi3e6ES-eR3INgzZWpgzoWAff_p7zi1n_29UJIY.js: Generated files are not backed up
/css/css_IR1zAPFvRZIFzJ_o7zAPv1SE1YBMzio_kK8QcjvTpts.css: Generated files are not backed up
/js/js_TKLQo7WwjN9NeMUhOguA4woXlu7__XrkLY5r_5w-q84.js.gz: Generated files are not backed up
/js/js_vnC1jAJ5dv0xEWJGuSwm55rjEjQeQZZOmWuauRc_to4.js.gz: Generated files are not backed up
/styles/media_library/public/2020-07/PORTADA CAMARONERA.jpg: Generated files are not backed up
/js/js_6nP_Pqj2MC8cjYOQyo4YPjGQ9IpyubBnXUzW4q_uUvA.js: Generated files are not backed up
/styles/media_library/public/2020-07/valores (1).png: Generated files are not backed up
/css/css_gjJ20hg-qxa_JzfdSJZIMepHfVmzPlZcrX-lWCIGalY.css: Generated files are not backed up
/css/css_UXxnkayIm_ZBiiu-e0jBbwdjjHcHxmxszqUyP_FtvkM.css.gz: Generated files are not backed up
/js/js_Jt2FfHmJM-UkX6SEnPQBFWwI71LUBiGfcBi-KnXcXi0.js.gz: Generated files are not backed up
/css/css_3E1sW5JOmW_Xc92lFuXtiCUOEeVYw-6c9WSqekuA_5A.css.gz: Generated files are not backed up
/css/css_2LcwgVPFWNoL64HkpXwyllLGzCMKIYo3KKwyztyo2Wk.css: Generated files are not backed up
/styles/thumbnail/public/2020-06/hpl-endurance-thumb.png: Generated files are not backed up
/css/css_jGxg7HGpD3XHOXTyd3sjubt1ssk3WHn4s1ezVH3M8lM.css: Generated files are not backed up
/js/js_mD3tNiWjUeKcQMkU754ANKJc1U5KNDUVWkDXjcIsV_g.js: Generated files are not backed up
/styles/medium/public/2020-05/hm_0.png: Generated files are not backed up
/js/js_PycSofkYBedioUFdNDu3BCwoXeuwiY7zlx8bjCUlDyI.js: Generated files are not backed up
/styles/medium/public/2020-05/hpl.png: Generated files are not backed up
/css/css_1WVEdy02NAlhfOvteuYQebXnoFDcr1cQBomh8CBRNrI.css.gz: Generated files are not backed up
/styles/media_library/public/2020-07/MISION FOTO.png: Generated files are not backed up
/js/js_p7nX8fiNg6LcLSljqBRKwFVUDkHZTq9YUkCFpqQgfVA.js.gz: Generated files are not backed up
/css/css_3E1sW5JOmW_Xc92lFuXtiCUOEeVYw-6c9WSqekuA_5A.css: Generated files are not backed up
/js/js_VhqXmo4azheUjYC30rijnR_Dddo0WjWkF27k5gTL8S4.js: Generated files are not backed up
/js/js_PJ30MxPyfUlKulQcZl1SMrDyqufzn5JXDOhnLHDt4Ts.js: Generated files are not backed up
/js/js_l0tkf7YCSj_xcWI-L4by2oaQE8Xi9qFxrhasP4IFScQ.js.gz: Generated files are not backed up
/styles/media_library/public/2020-07/PORTADA CAMARONERA2.jpg: Generated files are not backed up
/js/js_6-6J4VpuOtL0qEzn6QUJq4RkMLKtfBkY-1K3q6kLCzM.js: Generated files are not backed up
/css/css_01MnGkDyS-OUeJHMSH4aLKcN-9wsBeUX7rXEr-psZmI.css.gz: Generated files are not backed up
/styles/media_library/public/2020-07/VISION (1).jpg: Generated files are not backed up
/js/js_9prxt9IrGyCLZ8zXQUU9KQQCLc2lxiaQbJMMPxUdAU0.js.gz: Generated files are not backed up
/js/js_rjs5nJTYkv7uNpdgk48rnVhk-YYdfW9OwjBNqOYzf6A.js.gz: Generated files are not backed up
/js/js_Z-069zgfeHVjaanbtYFW2MEAyKRaImsnYanb5eIeRKM.js: Generated files are not backed up
/styles/thumbnail/public/2020-05/hm_0.png: Generated files are not backed up
/css/css_qqvWH3eF6NYxjTneIV1j4_KcxjB7hl5O-YaKdOfIr4I.css: Generated files are not backed up
/css/css_Kv_VJnWa0OEy1y0O-zDF8q23kWO-k2LME1hd_2oDFdw.css: Generated files are not backed up
/css/css_j8RbbFUOGvzHtun3XLD6rSwRLOJIpciwcl7E6D6SJs0.css: Generated files are not backed up
/js/js_Gepi1J5U-Yr8cBG58BKRAHhD47xJlL1NwPTfP1Y6ImM.js: Generated files are not backed up
/css/css_rppRGD_OoHfR_SJsouUbDXbYqdDsbR40sRSsm5MvFnw.css: Generated files are not backed up
/js/js_QmMSWkbV1UoXF8NdD9e6jaeMbXoyARbj-R5sRMJ4FsA.js: Generated files are not backed up
/css/css_PHN0G-HFnm-3vvfNeKjvLDN193qQfw8s86Wrcc5hgDU.css.gz: Generated files are not backed up
/styles/media_library/public/2020-08/5 PRODUCTOS.jpg: Generated files are not backed up
/styles/medium/public/2020-05/hz.png: Generated files are not backed up
/js/js_cOrSUOgNZyDbi8BsmDMu5a7viYdQXCE0PrYDH_Ua_ms.js: Generated files are not backed up
/js/js_OWv-1Cb4h3relc0_ExeJbkBvlW6-3F-RyOOxXhvcSUQ.js.gz: Generated files are not backed up
/css/css_Pt3O9L5bLAkTJMvuPD4p0o1YTVCFQy6hBbuHxjiKM7I.css.gz: Generated files are not backed up
/css/css_A_Xb4pi9FqtInY1PbLrFwXftqH-H896eNhM5rPznwlw.css.gz: Generated files are not backed up
/css/css_lw8M-eiaKLyWH2H8jJUdl2a6CPsrmX3MOJcjwWfvAc8.css: Generated files are not backed up
/js/js_dMIwqnMgxSCJDTuUvXJ0YaWlwkyUI-d3r8IGujJv-A8.js.gz: Generated files are not backed up
/js/js__Msf40yuGd4QqC90al-sdxz-om5ZqP4Drmu7JGfHAn4.js: Generated files are not backed up
/js/js_L9TfRsmgzeM6gFziCzuv4zm4ttoqyE2DY8QOCwdKeXg.js: Generated files are not backed up
/css/css_V7yB2WzmMeJcPcZLGC5rn6OzE5wF8PsTsx7CAuLu4QM.css.gz: Generated files are not backed up
/js/js_p7nX8fiNg6LcLSljqBRKwFVUDkHZTq9YUkCFpqQgfVA.js: Generated files are not backed up
/js/js_JOt6skaYCSMEeWUs1Rm42NkfzddeBuNYjWq60PfCpmY.js.gz: Generated files are not backed up
/js/js_miWzdDq5NPqmD6vtUcg0WkYkjOAJ6BNXlnTjI2x_HR0.js.gz: Generated files are not backed up
/css/css_WfGPm-3OpFMu6RL1VRuvWBNrz4CxTjaTbbwOGvcPe2I.css.gz: Generated files are not backed up
/css/css_DgSJi7ikOONfjYyxKFh9SWxHfxsbpH-dpzIWjbldvIY.css: Generated files are not backed up
/js/js_WyZYjXjPHrJZHdwQ2B62KVi1C97Ya7uGznVzPWG762U.js: Generated files are not backed up
/js/js_wXqg-7lZjAs2cre0zgd-ctfSp0NWBPehsM7Oi6NsaM4.js.gz: Generated files are not backed up
/js/js_nKuSxhXAg0icdx1feviqCzO_HjwAMCkdFuKm3bJbTko.js: Generated files are not backed up
/css/css_foptWQLqnZHQ9mlH_7nOLVPL3QuNqU9_k2X2lqpxJ5M.css.gz: Generated files are not backed up
/js/js_bhmWaEfiuzhdn2uXnIVxVzByNymLhzg1QEprRY9ha9Y.js: Generated files are not backed up
/js/js_f62-ynn3gF-peNO-KZxyTHBXFIf3sR9B3zQkMG6FgW8.js: Generated files are not backed up
/css/css_4CO3cKX5jMG5OypdIQMNMxpwQ9t1QZoStim6FadpXU0.css.gz: Generated files are not backed up
/js/js_esfTlWsHkNMqQxbSnEE3XSsWMk8MNF3wKnNhwNngyv4.js.gz: Generated files are not backed up
/js/js_qabpFiBzsOcBh5q4f-pDCp3LeY6YaajNnyObrXNv4dY.js: Generated files are not backed up
/js/js_XX2AYK3y5WlsOU7N2kpEmPh0LUYCW7xuMXhplPyLlHA.js.gz: Generated files are not backed up
/js/js_wX3DYUnt8LLnyc8F8i5GDtQXMVrwDirFTfMtxNb5lY4.js: Generated files are not backed up
/js/js_nBqPG3DD2PzL2FPKK0sVIwmTwd0sYA6ctRCi_gAaKGk.js: Generated files are not backed up
/styles/thumbnail/public/2020-05/hso.png: Generated files are not backed up
/css/css_RBs-pQT5r4sSVyUw3aG-IF-gxaHNCHoTfBN9SR-FEq4.css: Generated files are not backed up
/js/js_vDxjFfak6CpR6Pk5tBXNZHDdiZzVz0-ph_lKN2SqPvw.js: Generated files are not backed up
/css/css_2n7b2T786pjtycoNteb7kJJ2e3-ve4OshEQu6sV_xN4.css: Generated files are not backed up
/css/css_j_PeW0-Jzbl3LpkD0FVnH5vNEdz33_JmePUbBFA0KZY.css.gz: Generated files are not backed up
/js/js_IUcEoFn_KDhM-OP21jCXUruP08rMoxFH6HFvJwHo2As.js: Generated files are not backed up
/css/css_aaDj6c-BIS3FempxkCifKOvyp7klLhC2eYdGlCFcmWU.css: Generated files are not backed up
/styles/media_library/public/2020-07/PLANTA.png: Generated files are not backed up
/js/js_-FqZ_w8ayNcZpZJLsuxb9EmfbXUNlF0LoGGWjnqNVVs.js: Generated files are not backed up
/js/js_4UWgMLNsSmGwnW6ZxshD-uucmi3Bw8fkwOWtgAxBQjw.js: Generated files are not backed up
/css/css_OxD0k8ZYU5zjXkKA4E-i8eaQ76bmoiOlja52eNx_vHE.css: Generated files are not backed up
/css/css_tw-SEGA-64y3QNYM0XORA6DgAKxaFHfnytiYnIbwibE.css.gz: Generated files are not backed up
/css/css_yec-0KSYOsUNUTfY1YJLUWPuHfn2nIWjbIKGCf0OnxI.css: Generated files are not backed up
/css/css_yRQeplx2RhS2X6CWKLV3fZw6JI34EaAyN6HciOEjTWQ.css.gz: Generated files are not backed up
/css/css_s819WtWC0RbN-By9gUQKQxWmr0qJbugguukMH-glrRQ.css.gz: Generated files are not backed up
/styles/thumbnail/public/2020-06/01.jpg: Generated files are not backed up
/styles/medium/public/oembed_thumbnails/Cb00tUm6n9enV_JnF9o800Kgf8OL9xJ8rbqc25yoU24.jpg: Generated files are not backed up
/css/css_mebkZOfID5PUbThhkK1cuhFH_VFRtVx8Fs85uLuhm54.css: Generated files are not backed up
/js/js_ZjI08cC2AozgNCXBnZB5IuaaWKY0ilO1iDRLKNND_-E.js: Generated files are not backed up
/js/js_UGMH0oEZSizPzWdfaC0ilhmELmP04f5DHHDWuFU7EpY.js.gz: Generated files are not backed up
/css/css_oqDwEPhMPGFvCOWGb3hp-V3eFJIr_Xi7VKaSWiqkT4c.css: Generated files are not backed up
/css/css_PLRO7tSdpzKWtGwKbrE7dLJH151pjm31RGw_SZq3r2U.css.gz: Generated files are not backed up
/css/css_82Al8YAyd7tz5U9-vNnt19ri9NCR3wr06n0a1VE6QEE.css: Generated files are not backed up
/css/css_qR26tG0dsRppxrXpLvbkEDadlYcic9wlrA3i3qFVO30.css.gz: Generated files are not backed up
/css/css_dEdPaSfYG-TY5TDVDA7t9rhL7QJ-IoKSn2EQB1HTESI.css.gz: Generated files are not backed up
/css/css_r-q865ijLK1xg-4kSFVgzehLt8uD5pSPPEYvgIEK4BI.css: Generated files are not backed up
/js/js_j1TwuYAXxfb1DCV8KRZ0UghGRVKipFHxKblUQXLKG88.js: Generated files are not backed up
/styles/thumbnail/public/2020-06/hs-transition-thumb.png: Generated files are not backed up
/js/js_PKIcf2TtTj0zDWhCQ8tjcmZnTR83wcN_a6bgUKUUp-U.js: Generated files are not backed up
/js/js_ImJ3nfEWVKrN0c3ZtUmw58TUxGaIgi-PWUBjBfOIPqU.js: Generated files are not backed up
/js/js_IRQZYCc7YvtnrBSde4xmF0ijyonlKxqh2BfezvFTEjk.js.gz: Generated files are not backed up
/css/css_wR66-Y4sly7d_G3PJyYyrCPzynla9ujeB7h8dRiqZ-U.css: Generated files are not backed up
/css/css_hBCrTKzDYq8biXd6paAGbmnodtlRLPYCw-iYKdgaGG4.css: Generated files are not backed up
/js/js_m6WTKAgcrgJFYs2P7yhlY2NOXjGvF2627ZnNhlLDFds.js: Generated files are not backed up
/css/css_87GMcmxT1ib8ziQiU2KUAnTDFtZQV6iP-KGslA9LigM.css.gz: Generated files are not backed up
/css/css_Khm98jiAwRteF7UWA1XLJ4571JXzKQSavSP-wx0G0NI.css.gz: Generated files are not backed up
/css/css_91lUVmEdQldi0TUfxC-5py6YglEHrjkIprrBj9CrgJg.css: Generated files are not backed up
/css/css_nUuo_G-Dvn0DTXgyMMs653wY1-4hBbFktdrh7Y48wbw.css: Generated files are not backed up
/js/js_9CPc6-KUTPJPhvX7Ol2CgztG3UQCoZdYnKb3_eLH_gs.js.gz: Generated files are not backed up
/js/js_-V6FlVbAztmT-KwO5GGLd79VRhp6LqARaxk584J7YE0.js.gz: Generated files are not backed up
/js/js_3g0rXbUv-qLRsHXOlFM9U8ev7zYrS20GMwaSnLiIQAg.js: Generated files are not backed up
/js/js_I9yAr0UUyRWrprVo79vw5K2k42BGnSlkdzXFVrCy89M.js.gz: Generated files are not backed up
/css/css_fX7zf5CjMcpOhYiTEbfWF5fRN7X4_FW77nijmphweN8.css.gz: Generated files are not backed up
/styles/media_library/public/2020-07/MISION FOTO_0.png: Generated files are not backed up
/css/css_xuW3sSEE9FiM2UNugeO8MX334Qk9G9f1e1KzdC_0ofU.css.gz: Generated files are not backed up
/css/css_QmfspdVfRuJfAn0Kjpl9N6P7XRBqdtKmplrqiUlbkfI.css: Generated files are not backed up
/js/js_HIUA_-qvj7DrRBzYzIvaBN6MqpGg0A7amlf49osNhe0.js.gz: Generated files are not backed up
/css/css_ErcIYcxsmZOxB2O6FBpjmBXpSV65VjViwxZsLAPkIbs.css: Generated files are not backed up
/js/js_6KYGxCHdsgv6WKdzfuOgdGp-QNJ7Am5qBJ0SMHRQclY.js: Generated files are not backed up
/css/css_M81tH541qeQRV0ubBqMtX32fWO0abp1UxMVVL9fuQDw.css: Generated files are not backed up
/css/css_-Zat806ud3qU9isrmXXI-eCJ4o0kUNM2QsC2N_Lbgtc.css.gz: Generated files are not backed up
/css/css_4juE18wa0ykpAlEeI5se6kYDL8jU6RXDkMu2y2efaXQ.css: Generated files are not backed up
/css/css_REZt01W0Pj4GrqJHdPCMs0xbMA-RLlgiburyk_qeOrQ.css: Generated files are not backed up
/css/css_Fyf9etX7isAHZbUUqt-b6s7E4oY34f98aec-4egMJrU.css: Generated files are not backed up
/styles/thumbnail/public/media-icons/generic/generic.png: Generated files are not backed up
/styles/thumbnail/public/2020-06/hz-endurance-01.png: Generated files are not backed up
/css/css_W71kgUxGiUtJzdv-n6ZISY0HdA7cjpDIfk2SZLi42UY.css: Generated files are not backed up
/js/js_ve8iDOSnE8Bd7Q8vJiLl4OASn2nxPfuqaxT2upToZak.js: Generated files are not backed up
/js/js_zjnwMNvhJ3476uTXL2iexLlxBhDNe_sanQsGoVNVhRU.js: Generated files are not backed up
/css/css_0IJn4fbmfWwMDOUwW0NJ_Vj35qIIlQblibVxloKMwHE.css: Generated files are not backed up
/js/js_WdCO2TSDorPnESG2exUAdeV7_OB-k7gG7Q2VTF4x0VQ.js: Generated files are not backed up
/css/css_euUe-ZKNw9Ui-cjEf2rt9UUcw4-loLZmPmtfZ2mDwvk.css.gz: Generated files are not backed up
/css/css_2LcwgVPFWNoL64HkpXwyllLGzCMKIYo3KKwyztyo2Wk.css.gz: Generated files are not backed up
/js/js_s0EABTqGcMABNqX0iu8hAyRQYveBjIUPkZdjKY_nRSY.js.gz: Generated files are not backed up
/styles/thumbnail/public/2020-06/hs-transition-01.png: Generated files are not backed up
/js/js_JBgf8Ol13AcwugTN43_0CzklA5N5GORFjNPnHx2rzuI.js.gz: Generated files are not backed up
/css/css_LbdV4hHpq8l_I81dasCTEkciw2r0UN9haZMX8uoO0uU.css.gz: Generated files are not backed up
/css/css_uUq16nql0E-mSR6PaidGxfTq2BTh43okVY1PHhjPIaQ.css.gz: Generated files are not backed up
/css/css_GZmPNqypxNXM_-Q_MQGT1y31bnSIbg1uyaNfiVT9qJw.css: Generated files are not backed up
/styles/thumbnail/public/2020-06/nosotross.jpg: Generated files are not backed up
/js/js_pqkFWGyOO9Fp_bDlpdDuiToYxgn3F1esR_a2l5HfouI.js: Generated files are not backed up
/js/js_UGMH0oEZSizPzWdfaC0ilhmELmP04f5DHHDWuFU7EpY.js: Generated files are not backed up
/js/js_OLlBxBa-iOo7YqrvdJ44Cf5nUq3US1oBdrMQyK11P2s.js.gz: Generated files are not backed up
/js/js_7XphhGazRNJyS2-bpqFV7eVl7RM5gGwJDZQ0BAaV-0M.js.gz: Generated files are not backed up
/css/css_m0_ObqxBQxWo_MqdduJkACwcKYW9YkAukyTXCX8DmyQ.css: Generated files are not backed up
/css/css_6a9xP4X2HAAn6WXnmniyFy8AqiwqqpJre7BIcxx3xTY.css: Generated files are not backed up
/js/js_6Fnng1F8GaBQS-bfi5ncszC6DpDuCa0MT7RyN2mo1F8.js.gz: Generated files are not backed up
/js/js_6-6J4VpuOtL0qEzn6QUJq4RkMLKtfBkY-1K3q6kLCzM.js.gz: Generated files are not backed up
/css/css_IBroxBRn8-ZXrgHApCAuun4gJCTVyd5AZS3sC2SL9Nc.css: Generated files are not backed up
/js/js_pqkFWGyOO9Fp_bDlpdDuiToYxgn3F1esR_a2l5HfouI.js.gz: Generated files are not backed up
/js/js_JhlpyqUcuwXx-f3QwoscUpcHFDQ66IMaguHG_H2MBA0.js: Generated files are not backed up
/js/js_E3OKHrcFzeoZM3QTWzV18V4CquskDVEswfeaxTwi91g.js: Generated files are not backed up
/css/css_UXxnkayIm_ZBiiu-e0jBbwdjjHcHxmxszqUyP_FtvkM.css: Generated files are not backed up
/styles/media_library/public/2020-07/pescador.jpg: Generated files are not backed up
/css/css_0IJn4fbmfWwMDOUwW0NJ_Vj35qIIlQblibVxloKMwHE.css.gz: Generated files are not backed up
/js/js_KOMm2y_Qm5iuDz6RkcdUne-Bn0zBpMukj-OajjBimyA.js.gz: Generated files are not backed up
/css/css_ZMUatQ972Mkw-JX3drNs5MJaacyptIbjrAGxqOcfCAg.css.gz: Generated files are not backed up
/css/css_VX8gzRrjdP8--bZ_fQV7eYB5dJTCjEl1jX9YVg7KcAs.css: Generated files are not backed up
/js/js__GdL9k_bcocZeCAxFdPjht-R5-G4jW3nyWZgd6GXr0c.js.gz: Generated files are not backed up
/js/js_6nP_Pqj2MC8cjYOQyo4YPjGQ9IpyubBnXUzW4q_uUvA.js.gz: Generated files are not backed up
/css/css_iLhZU7wcyHe-4ug93jxnqnj_45FcshaRpWTa3GsPlyc.css.gz: Generated files are not backed up
/styles/thumbnail/public/2020-06/hz-endurance-thumb.png: Generated files are not backed up
/js/js_jHrkK6K4j5EZiZOmykwZi7aHt1dk-5vcRNcMXH9h-Po.js.gz: Generated files are not backed up
/css/css_V6Tfzd8-Vx43VblAwyd5cSeQwRcMxOnAbSRGhQIvtRk.css: Generated files are not backed up
/js/js_2Ny5hls0XkTv1N5lKI_DrmWANbq1PkViYu9PWHrjAio.js.gz: Generated files are not backed up
/css/css_B6sKADCd0mse_8bYE3BrgGZAjjjclN3F7GtiprekgK0.css.gz: Generated files are not backed up
/js/js_A5M9zo69SK953nxKr9P9zXOzUkdM7XvHfHLSEQMLDLg.js.gz: Generated files are not backed up
/js/js_B2V5Yj4YdnQWwx5cFwccK6O77u5wJp5qL3ik9Zv3fpY.js.gz: Generated files are not backed up
/js/js_E4bUC2dO8ZEHiyccVRNHRWZlu3ZM8V-PnQv6pZ4JhOY.js.gz: Generated files are not backed up
/css/css_gOy7P_iX90RkCQu3LK0QQlMfWgW2Bmgj9JWjWnDYz_M.css.gz: Generated files are not backed up
/js/js_f62-ynn3gF-peNO-KZxyTHBXFIf3sR9B3zQkMG6FgW8.js.gz: Generated files are not backed up
/css/css_c6kN1NnoU6ZeEF1-x100TQVOirAX0zEsHpxEqSIOmWY.css: Generated files are not backed up
/css/css_CLsNUcB1erk_s0ZDDGLbB9wlTVyzYPw-ZlxO5b85EpE.css.gz: Generated files are not backed up
/css/css_p1rrbzxXr-cHZW4oRKalA3AWSxjF1u3PhoNknH3-pJE.css.gz: Generated files are not backed up
/js/js_Ep3QMISf1V7CuSmhql2mF0lMx25aTAKrRFUCOEGsLl8.js.gz: Generated files are not backed up
/js/js_ELpooisP2_cDWaxheT3vzTlo3Epg0b4Gx4qelss3-Mw.js.gz: Generated files are not backed up
/css/css_EB7h5P5RXRdpNungVLvd4CwRhMGyv--PoMPD9xfChoI.css: Generated files are not backed up
/css/css_SQLBUR-cnsLlp9UVp3p7QoH0F3fK6_jKjOBNgQ8iexk.css.gz: Generated files are not backed up
/js/js_S3lKk41vU-KC1qUeRh9v2kcn7vTsjFDgm2VGFwzh6EA.js: Generated files are not backed up
/js/js_cOP-2MOZedmRsbXhGPc3gxGLmV-SKZcwzZ-dfMOUrJk.js.gz: Generated files are not backed up
/js/js_GdK2iKn9v1PLH0c23NWhRLP7F-5Q02bh-mvv6KCW_eA.js.gz: Generated files are not backed up
/js/js_kgXPG8rPAaX8NhvP7gv8TBpx353mirDHjsNYx54leRk.js.gz: Generated files are not backed up
/css/css_WbSuo4tjvLpaxcHvLnvtcME6bhQxJEh96t8ygWQnoYI.css: Generated files are not backed up
/js/js_nXpQTEhA9WmG91YNpzuy0hDswBjxHkE0KpKr5TdRoLo.js: Generated files are not backed up
/js/js_0SHN1C2mSApXQYN_23WEdbdlvFXwxZDxBjQh8WPbVis.js: Generated files are not backed up
/js/js_WoI2e28HvuXO0UZG3OBGhuiYq0p4UrfaeC3L_mJ9LRA.js: Generated files are not backed up
/css/css_0LoES8-8J9jMncy14dUpDTc0LafONg2q6V1Yw9Wq16c.css: Generated files are not backed up
/js/js_6Fnng1F8GaBQS-bfi5ncszC6DpDuCa0MT7RyN2mo1F8.js: Generated files are not backed up
/js/js_9CPc6-KUTPJPhvX7Ol2CgztG3UQCoZdYnKb3_eLH_gs.js: Generated files are not backed up
/css/css_WMxAPf6BeVqtBfqBf00UhS-b-XQncGhKm5L0t_7qHqY.css.gz: Generated files are not backed up
/css/css_Khm98jiAwRteF7UWA1XLJ4571JXzKQSavSP-wx0G0NI.css: Generated files are not backed up
/js/js_P6M8fPDahsdE9LtL1UzVwpsgbRj1qBl0PmMa06JA5Qw.js.gz: Generated files are not backed up

If you need immediate access to the files listed here, or have questions about
the state of your files, you can contact support via your Dashboard.

